18:23:08 INFO  : Registering command handlers for SDK TCF services
18:23:09 INFO  : Launching XSCT server: xsct.bat -interactive C:\Users\Owner\masterthesis6_1_0\masterthesis6_1_0\masterthesis6_1_0.sdk\temp_xsdb_launch_script.tcl
18:23:12 INFO  : XSCT server has started successfully.
18:23:14 INFO  : Successfully done setting XSCT server connection channel  
18:23:14 INFO  : Processing command line option -hwspec C:/Users/Owner/masterthesis6_1_0/masterthesis6_1_0/masterthesis6_1_0.sdk/design_1_wrapper.hdf.
18:23:14 INFO  : Successfully done setting SDK workspace  
13:06:39 INFO  : Registering command handlers for SDK TCF services
13:06:40 INFO  : Launching XSCT server: xsct.bat -interactive C:\Users\Owner\masterthesis6_1_0\masterthesis6_1_0\masterthesis6_1_0.sdk\temp_xsdb_launch_script.tcl
13:06:43 INFO  : XSCT server has started successfully.
13:06:43 INFO  : Successfully done setting XSCT server connection channel  
13:06:45 INFO  : Processing command line option -hwspec C:/Users/Owner/masterthesis6_1_0/masterthesis6_1_0/masterthesis6_1_0.sdk/design_1_wrapper.hdf.
13:06:45 INFO  : Successfully done setting SDK workspace  
13:06:45 INFO  : Checking for hwspec changes in the project design_1_wrapper_hw_platform_0.
13:26:08 INFO  : Inferring section assignments and sizes from elf file: C:\Users\Owner\masterthesis6_1_0\masterthesis6_1_0\masterthesis6_1_0.sdk\test\Debug\test.elf
13:26:28 INFO  : Successfully generated C:\Users\Owner\masterthesis6_1_0\masterthesis6_1_0\masterthesis6_1_0.sdk\test\src\lscript.ld.
13:26:28 INFO  : Applying linker script to all configurations of project test.
13:26:28 INFO  : Setting rebuild state to true for all configurations of project test.
13:27:24 WARN  : Given IPC port value is invalid. Using default port 2350
13:27:24 WARN  : Given XMD timeout value is invalid. Using default value of 50000
13:27:26 WARN  : Given XMD transaction timeout value is invalid. Using default value of 60000 milli seconds
13:27:26 WARN  : Given XMD transaction timeout value is invalid. Using default value of 60000 milli seconds
13:27:29 WARN  : Given XMD transaction timeout value is invalid. Using default value of 60000 milli seconds
13:27:32 WARN  : Given XMD transaction timeout value is invalid. Using default value of 60000 milli seconds
13:27:33 ERROR : Unexpected error while launching program.
com.xilinx.sdk.targetmanager.TMException: Could not detect MDM peripheral on hardware. Please check:
    1. If FPGA is configured correctly
    2. MDM Core is instantiated in the design
    3. If the correct FPGA is referred, in case of multiple FPGAs
    4. If the correct MDM is referred, in case of a multiple MDM system
    

	at com.xilinx.sdk.targetmanager.internal.TM.connectToProcessor(TM.java:478)
	at com.xilinx.sdk.debug.core.XilinxAppLaunchConfigurationDelegate.runTargetSetup(XilinxAppLaunchConfigurationDelegate.java:533)
	at com.xilinx.sdk.debug.core.XilinxAppLaunchConfigurationDelegate.runApplication(XilinxAppLaunchConfigurationDelegate.java:616)
	at com.xilinx.sdk.debug.core.XilinxAppLaunchConfigurationDelegate.launch(XilinxAppLaunchConfigurationDelegate.java:309)
	at com.xilinx.sdk.debug.ui.XilinxAppLaunchDelegateWrapper.launch(XilinxAppLaunchDelegateWrapper.java:31)
	at org.eclipse.debug.internal.core.LaunchConfiguration.launch(LaunchConfiguration.java:885)
	at org.eclipse.debug.internal.core.LaunchConfiguration.launch(LaunchConfiguration.java:739)
	at org.eclipse.debug.internal.ui.DebugUIPlugin.buildAndLaunch(DebugUIPlugin.java:1039)
	at org.eclipse.debug.internal.ui.DebugUIPlugin$8.run(DebugUIPlugin.java:1256)
	at org.eclipse.core.internal.jobs.Worker.run(Worker.java:55)
13:29:28 INFO  : Connected to target on host '127.0.0.1' and port '3121'.
13:29:30 INFO  : 'targets -set -filter {jtag_cable_name =~ "Digilent Zybo 210279A6A4A5A" && level==0} -index 1' command is executed.
13:29:32 INFO  : FPGA configured successfully with bitstream "C:/Users/Owner/masterthesis6_1_0/masterthesis6_1_0/masterthesis6_1_0.sdk/design_1_wrapper_hw_platform_0/download.bit"
13:30:06 WARN  : Given XMD transaction timeout value is invalid. Using default value of 60000 milli seconds
13:30:07 WARN  : Given XMD transaction timeout value is invalid. Using default value of 60000 milli seconds
13:30:07 ERROR : Unexpected error while launching program.
com.xilinx.sdk.targetmanager.TMException: MicroBlaze is under RESET. Check if the Reset input to MicroBlaze and its Bus Interfaces are connected properly
    UNABLE to STOP MicroBlaze

	at com.xilinx.sdk.targetmanager.internal.TM.connectToProcessor(TM.java:478)
	at com.xilinx.sdk.debug.core.XilinxAppLaunchConfigurationDelegate.runTargetSetup(XilinxAppLaunchConfigurationDelegate.java:533)
	at com.xilinx.sdk.debug.core.XilinxAppLaunchConfigurationDelegate.runApplication(XilinxAppLaunchConfigurationDelegate.java:616)
	at com.xilinx.sdk.debug.core.XilinxAppLaunchConfigurationDelegate.launch(XilinxAppLaunchConfigurationDelegate.java:309)
	at com.xilinx.sdk.debug.ui.XilinxAppLaunchDelegateWrapper.launch(XilinxAppLaunchDelegateWrapper.java:31)
	at org.eclipse.debug.internal.core.LaunchConfiguration.launch(LaunchConfiguration.java:885)
	at org.eclipse.debug.internal.core.LaunchConfiguration.launch(LaunchConfiguration.java:739)
	at org.eclipse.debug.internal.ui.DebugUIPlugin.buildAndLaunch(DebugUIPlugin.java:1039)
	at org.eclipse.debug.internal.ui.DebugUIPlugin$8.run(DebugUIPlugin.java:1256)
	at org.eclipse.core.internal.jobs.Worker.run(Worker.java:55)
13:30:36 WARN  : Given XMD transaction timeout value is invalid. Using default value of 60000 milli seconds
13:30:36 WARN  : Given XMD transaction timeout value is invalid. Using default value of 60000 milli seconds
13:30:37 WARN  : Given XMD transaction timeout value is invalid. Using default value of 60000 milli seconds
13:30:37 WARN  : Given XMD transaction timeout value is invalid. Using default value of 60000 milli seconds
13:30:37 WARN  : Given XMD transaction timeout value is invalid. Using default value of 60000 milli seconds
13:30:37 INFO  : Processor reset is completed for microblaze_0
13:30:37 WARN  : Given XMD transaction timeout value is invalid. Using default value of 60000 milli seconds
13:30:37 WARN  : Given XMD transaction timeout value is invalid. Using default value of 60000 milli seconds
13:30:37 WARN  : Given XMD transaction timeout value is invalid. Using default value of 60000 milli seconds
13:30:37 WARN  : Given XMD transaction timeout value is invalid. Using default value of 60000 milli seconds
13:30:37 WARN  : Given XMD transaction timeout value is invalid. Using default value of 60000 milli seconds
13:30:37 WARN  : Given XMD transaction timeout value is invalid. Using default value of 60000 milli seconds
13:30:46 WARN  : Given XMD transaction timeout value is invalid. Using default value of 60000 milli seconds
13:30:46 WARN  : Given XMD transaction timeout value is invalid. Using default value of 60000 milli seconds
13:31:28 WARN  : Given XMD transaction timeout value is invalid. Using default value of 60000 milli seconds
13:31:28 WARN  : Given XMD transaction timeout value is invalid. Using default value of 60000 milli seconds
13:31:28 ERROR : Unexpected error while launching program.
com.xilinx.sdk.targetmanager.TMException: MicroBlaze is under RESET. Check if the Reset input to MicroBlaze and its Bus Interfaces are connected properly
    UNABLE to STOP MicroBlaze

	at com.xilinx.sdk.targetmanager.internal.TM.connectToProcessor(TM.java:478)
	at com.xilinx.sdk.debug.core.XilinxAppLaunchConfigurationDelegate.runTargetSetup(XilinxAppLaunchConfigurationDelegate.java:533)
	at com.xilinx.sdk.debug.core.XilinxAppLaunchConfigurationDelegate.runApplication(XilinxAppLaunchConfigurationDelegate.java:616)
	at com.xilinx.sdk.debug.core.XilinxAppLaunchConfigurationDelegate.launch(XilinxAppLaunchConfigurationDelegate.java:309)
	at com.xilinx.sdk.debug.ui.XilinxAppLaunchDelegateWrapper.launch(XilinxAppLaunchDelegateWrapper.java:31)
	at org.eclipse.debug.internal.core.LaunchConfiguration.launch(LaunchConfiguration.java:885)
	at org.eclipse.debug.internal.core.LaunchConfiguration.launch(LaunchConfiguration.java:739)
	at org.eclipse.debug.internal.ui.DebugUIPlugin.buildAndLaunch(DebugUIPlugin.java:1039)
	at org.eclipse.debug.internal.ui.DebugUIPlugin$8.run(DebugUIPlugin.java:1256)
	at org.eclipse.core.internal.jobs.Worker.run(Worker.java:55)
13:31:42 WARN  : Given XMD transaction timeout value is invalid. Using default value of 60000 milli seconds
13:31:42 WARN  : Given XMD transaction timeout value is invalid. Using default value of 60000 milli seconds
13:31:42 WARN  : Given XMD transaction timeout value is invalid. Using default value of 60000 milli seconds
13:31:42 WARN  : Given XMD transaction timeout value is invalid. Using default value of 60000 milli seconds
13:31:42 WARN  : Given XMD transaction timeout value is invalid. Using default value of 60000 milli seconds
13:31:42 INFO  : Processor reset is completed for microblaze_0
13:31:42 WARN  : Given XMD transaction timeout value is invalid. Using default value of 60000 milli seconds
13:31:42 WARN  : Given XMD transaction timeout value is invalid. Using default value of 60000 milli seconds
13:31:43 WARN  : Given XMD transaction timeout value is invalid. Using default value of 60000 milli seconds
13:31:43 WARN  : Given XMD transaction timeout value is invalid. Using default value of 60000 milli seconds
13:31:43 WARN  : Given XMD transaction timeout value is invalid. Using default value of 60000 milli seconds
13:31:43 WARN  : Given XMD transaction timeout value is invalid. Using default value of 60000 milli seconds
13:31:44 WARN  : Given XMD transaction timeout value is invalid. Using default value of 60000 milli seconds
13:31:44 WARN  : Given XMD transaction timeout value is invalid. Using default value of 60000 milli seconds
13:53:33 INFO  : SDK has detected change in the last modified timestamps for source hardware specification file Source:1519995177973,  Project:1519923778884
13:53:33 INFO  : Project design_1_wrapper_hw_platform_0's source hardware specification located at C:/Users/Owner/masterthesis6_1_0/masterthesis6_1_0/masterthesis6_1_0.sdk/design_1_wrapper.hdf is now different from the local copy.
		 The local copy will be replaced with the source specification and your workspace will be updated.
13:56:13 INFO  : Copied contents of C:/Users/Owner/masterthesis6_1_0/masterthesis6_1_0/masterthesis6_1_0.sdk/design_1_wrapper.hdf into \design_1_wrapper_hw_platform_0\system.hdf.
13:56:14 INFO  : Synchronizing projects in the workspace with the hardware platform specification changes.
13:56:17 INFO  : 
13:56:18 INFO  : Updating hardware inferred compiler options for test.
13:56:18 INFO  : Clearing existing target manager status.
13:57:33 INFO  : Connected to target on host '127.0.0.1' and port '3121'.
13:57:33 INFO  : 'targets -set -filter {jtag_cable_name =~ "Digilent Zybo 210279A6A4A5A" && level==0} -index 1' command is executed.
13:57:35 INFO  : FPGA configured successfully with bitstream "C:/Users/Owner/masterthesis6_1_0/masterthesis6_1_0/masterthesis6_1_0.sdk/design_1_wrapper_hw_platform_0/download.bit"
13:57:43 WARN  : Given XMD transaction timeout value is invalid. Using default value of 60000 milli seconds
13:57:43 WARN  : Given XMD transaction timeout value is invalid. Using default value of 60000 milli seconds
13:57:43 WARN  : Given XMD transaction timeout value is invalid. Using default value of 60000 milli seconds
13:57:44 ERROR : Unexpected error while launching program.
com.xilinx.sdk.targetmanager.TMException: MicroBlaze is under RESET. Check if the Reset input to MicroBlaze and its Bus Interfaces are connected properly
    UNABLE to STOP MicroBlaze

	at com.xilinx.sdk.targetmanager.internal.TM.connectToProcessor(TM.java:478)
	at com.xilinx.sdk.debug.core.XilinxAppLaunchConfigurationDelegate.runTargetSetup(XilinxAppLaunchConfigurationDelegate.java:533)
	at com.xilinx.sdk.debug.core.XilinxAppLaunchConfigurationDelegate.runApplication(XilinxAppLaunchConfigurationDelegate.java:616)
	at com.xilinx.sdk.debug.core.XilinxAppLaunchConfigurationDelegate.launch(XilinxAppLaunchConfigurationDelegate.java:309)
	at com.xilinx.sdk.debug.ui.XilinxAppLaunchDelegateWrapper.launch(XilinxAppLaunchDelegateWrapper.java:31)
	at org.eclipse.debug.internal.core.LaunchConfiguration.launch(LaunchConfiguration.java:885)
	at org.eclipse.debug.internal.core.LaunchConfiguration.launch(LaunchConfiguration.java:739)
	at org.eclipse.debug.internal.ui.DebugUIPlugin.buildAndLaunch(DebugUIPlugin.java:1039)
	at org.eclipse.debug.internal.ui.DebugUIPlugin$8.run(DebugUIPlugin.java:1256)
	at org.eclipse.core.internal.jobs.Worker.run(Worker.java:55)
13:58:05 WARN  : Given XMD transaction timeout value is invalid. Using default value of 60000 milli seconds
13:58:05 WARN  : Given XMD transaction timeout value is invalid. Using default value of 60000 milli seconds
13:58:05 WARN  : Given XMD transaction timeout value is invalid. Using default value of 60000 milli seconds
13:58:06 WARN  : Given XMD transaction timeout value is invalid. Using default value of 60000 milli seconds
13:58:06 WARN  : Given XMD transaction timeout value is invalid. Using default value of 60000 milli seconds
13:58:06 INFO  : Processor reset is completed for microblaze_0
13:58:06 WARN  : Given XMD transaction timeout value is invalid. Using default value of 60000 milli seconds
13:58:06 WARN  : Given XMD transaction timeout value is invalid. Using default value of 60000 milli seconds
13:58:06 WARN  : Given XMD transaction timeout value is invalid. Using default value of 60000 milli seconds
13:58:06 WARN  : Given XMD transaction timeout value is invalid. Using default value of 60000 milli seconds
13:58:06 WARN  : Given XMD transaction timeout value is invalid. Using default value of 60000 milli seconds
13:58:06 WARN  : Given XMD transaction timeout value is invalid. Using default value of 60000 milli seconds
18:06:13 WARN  : Given XMD transaction timeout value is invalid. Using default value of 60000 milli seconds
18:06:13 WARN  : Given XMD transaction timeout value is invalid. Using default value of 60000 milli seconds
19:23:55 ERROR : Unexpected error while parsing XMD response ?: com.google.gson.JsonSyntaxException: com.google.gson.stream.MalformedJsonException: invalid number or unquoted string near 
15:09:16 INFO  : Registering command handlers for SDK TCF services
15:09:17 INFO  : Launching XSCT server: xsct.bat -interactive C:\Users\Owner\masterthesis6_1_0\masterthesis6_1_0\masterthesis6_1_0.sdk\temp_xsdb_launch_script.tcl
15:09:20 INFO  : XSCT server has started successfully.
15:09:20 INFO  : Successfully done setting XSCT server connection channel  
15:09:22 INFO  : Successfully done setting SDK workspace  
15:09:22 INFO  : Processing command line option -hwspec C:/Users/Owner/masterthesis6_1_0/masterthesis6_1_0/masterthesis6_1_0.sdk/design_1_wrapper.hdf.
15:09:22 INFO  : Checking for hwspec changes in the project design_1_wrapper_hw_platform_0.
11:06:43 INFO  : Registering command handlers for SDK TCF services
11:06:43 INFO  : Launching XSCT server: xsct.bat -interactive C:\Users\Owner\masterthesis6_1_0\masterthesis6_1_0\masterthesis6_1_0.sdk\temp_xsdb_launch_script.tcl
11:06:46 INFO  : XSCT server has started successfully.
11:06:46 INFO  : Successfully done setting XSCT server connection channel  
11:06:48 INFO  : Successfully done setting SDK workspace  
11:06:48 INFO  : Processing command line option -hwspec C:/Users/Owner/masterthesis6_1_0/masterthesis6_1_0/masterthesis6_1_0.sdk/design_1_wrapper.hdf.
11:06:48 INFO  : Checking for hwspec changes in the project design_1_wrapper_hw_platform_0.
09:35:57 INFO  : Registering command handlers for SDK TCF services
09:35:58 INFO  : Launching XSCT server: xsct.bat -interactive C:\Users\Owner\masterthesis6_1_0\masterthesis6_1_0\masterthesis6_1_0.sdk\temp_xsdb_launch_script.tcl
09:36:01 INFO  : XSCT server has started successfully.
09:36:03 INFO  : Successfully done setting XSCT server connection channel  
09:36:03 INFO  : Processing command line option -hwspec C:/Users/Owner/masterthesis6_1_0/masterthesis6_1_0/masterthesis6_1_0.sdk/design_1_wrapper.hdf.
09:36:03 INFO  : Successfully done setting SDK workspace  
09:36:03 INFO  : Checking for hwspec changes in the project design_1_wrapper_hw_platform_0.
10:19:40 INFO  : Registering command handlers for SDK TCF services
10:19:41 INFO  : Launching XSCT server: xsct.bat -interactive C:\Users\Owner\masterthesis6_1_0\masterthesis6_1_0\masterthesis6_1_0.sdk\temp_xsdb_launch_script.tcl
10:19:44 INFO  : XSCT server has started successfully.
10:19:44 INFO  : Successfully done setting XSCT server connection channel  
10:19:47 INFO  : Successfully done setting SDK workspace  
10:19:47 INFO  : Processing command line option -hwspec C:/Users/Owner/masterthesis6_1_0/masterthesis6_1_0/masterthesis6_1_0.sdk/design_1_wrapper.hdf.
10:19:47 INFO  : Checking for hwspec changes in the project design_1_wrapper_hw_platform_0.
09:26:54 INFO  : Registering command handlers for SDK TCF services
09:26:54 INFO  : Launching XSCT server: xsct.bat -interactive C:\Users\Owner\masterthesis6_1_0\masterthesis6_1_0\masterthesis6_1_0.sdk\temp_xsdb_launch_script.tcl
09:26:56 INFO  : XSCT server has started successfully.
09:26:59 INFO  : Successfully done setting XSCT server connection channel  
09:26:59 INFO  : Processing command line option -hwspec C:/Users/Owner/masterthesis6_1_0/masterthesis6_1_0/masterthesis6_1_0.sdk/design_1_wrapper.hdf.
09:26:59 INFO  : Successfully done setting SDK workspace  
09:26:59 INFO  : Checking for hwspec changes in the project design_1_wrapper_hw_platform_0.
09:32:08 INFO  : Registering command handlers for SDK TCF services
09:32:08 INFO  : Launching XSCT server: xsct.bat -interactive C:\Users\Owner\masterthesis6_1_0\masterthesis6_1_0\masterthesis6_1_0.sdk\temp_xsdb_launch_script.tcl
09:32:11 INFO  : XSCT server has started successfully.
09:32:11 INFO  : Successfully done setting XSCT server connection channel  
09:32:14 INFO  : Successfully done setting SDK workspace  
09:32:14 INFO  : Processing command line option -hwspec C:/Users/Owner/masterthesis6_1_0/masterthesis6_1_0/masterthesis6_1_0.sdk/design_1_wrapper.hdf.
09:32:14 INFO  : Checking for hwspec changes in the project design_1_wrapper_hw_platform_0.
09:54:09 INFO  : Inferring section assignments and sizes from elf file: C:\Users\Owner\masterthesis6_1_0\masterthesis6_1_0\masterthesis6_1_0.sdk\test\Debug\test.elf
15:14:57 INFO  : Registering command handlers for SDK TCF services
15:14:57 INFO  : Launching XSCT server: xsct.bat -interactive C:\Users\Owner\masterthesis6_1_0\masterthesis6_1_0\masterthesis6_1_0.sdk\temp_xsdb_launch_script.tcl
15:15:00 INFO  : XSCT server has started successfully.
15:15:03 INFO  : Successfully done setting XSCT server connection channel  
15:15:03 INFO  : Processing command line option -hwspec C:/Users/Owner/masterthesis6_1_0/masterthesis6_1_0/masterthesis6_1_0.sdk/design_1_wrapper.hdf.
15:15:03 INFO  : Successfully done setting SDK workspace  
15:15:03 INFO  : Checking for hwspec changes in the project design_1_wrapper_hw_platform_0.
15:39:20 INFO  : Launching XSCT server: xsct.bat -interactive C:\Users\Owner\masterthesis6_1_0\masterthesis6_1_0\masterthesis6_1_0.sdk\temp_xsdb_launch_script.tcl
15:39:22 INFO  : XSCT server has started successfully.
15:39:22 INFO  : Successfully done setting XSCT server connection channel  
15:39:23 INFO  : Successfully done setting SDK workspace  
15:39:24 INFO  : Registering command handlers for SDK TCF services
15:39:26 INFO  : Processing command line option -hwspec C:/Users/Owner/masterthesis6_1_0/masterthesis6_1_0/masterthesis6_1_0.sdk/design_1_wrapper.hdf.
15:39:26 INFO  : Checking for hwspec changes in the project design_1_wrapper_hw_platform_0.
15:39:26 INFO  : SDK has detected change in the last modified timestamps for source hardware specification file Source:1523194645787,  Project:1519995177973
15:39:26 INFO  : The hardware specification for project 'design_1_wrapper_hw_platform_0' is different from C:/Users/Owner/masterthesis6_1_0/masterthesis6_1_0/masterthesis6_1_0.sdk/design_1_wrapper.hdf.
15:39:26 INFO  : Copied contents of C:/Users/Owner/masterthesis6_1_0/masterthesis6_1_0/masterthesis6_1_0.sdk/design_1_wrapper.hdf into \design_1_wrapper_hw_platform_0\system.hdf.
15:39:26 INFO  : Synchronizing projects in the workspace with the hardware platform specification changes.
15:39:28 INFO  : 
15:39:30 INFO  : Updating hardware inferred compiler options for test.
15:39:30 INFO  : Clearing existing target manager status.
15:39:30 WARN  : Given IPC port value is invalid. Using default port 2350
15:39:30 WARN  : Given XMD timeout value is invalid. Using default value of 50000
15:39:32 WARN  : Given XMD transaction timeout value is invalid. Using default value of 60000 milli seconds
15:39:32 INFO  : Closing and re-opening the MSS file of ther project test_bsp
15:39:33 INFO  : Workspace synchronized with the new hardware specification file. Cleaning dependent projects...
15:39:34 WARN  : Linker script will not be updated automatically. Users need to update it manually.
15:44:22 INFO  : Example project test_bsp_xgpio_example_1 has been created successfully.
20:14:36 ERROR : Unexpected error while parsing XMD response ?: com.google.gson.JsonSyntaxException: com.google.gson.stream.MalformedJsonException: invalid number or unquoted string near 
09:03:09 INFO  : Registering command handlers for SDK TCF services
09:03:10 INFO  : Launching XSCT server: xsct.bat -interactive C:\Users\Owner\masterthesis6_1_0\masterthesis6_1_0\masterthesis6_1_0.sdk\temp_xsdb_launch_script.tcl
09:03:13 INFO  : XSCT server has started successfully.
09:03:16 INFO  : Successfully done setting XSCT server connection channel  
09:03:16 INFO  : Processing command line option -hwspec C:/Users/Owner/masterthesis6_1_0/masterthesis6_1_0/masterthesis6_1_0.sdk/design_1_wrapper.hdf.
09:03:16 INFO  : Checking for hwspec changes in the project design_1_wrapper_hw_platform_0.
09:03:16 INFO  : Successfully done setting SDK workspace  
12:46:50 INFO  : Launching XSCT server: xsct.bat -interactive C:\Users\Owner\masterthesis6_1_0\masterthesis6_1_0\masterthesis6_1_0.sdk\temp_xsdb_launch_script.tcl
12:46:52 INFO  : XSCT server has started successfully.
12:46:52 INFO  : Successfully done setting XSCT server connection channel  
12:46:54 INFO  : Successfully done setting SDK workspace  
12:46:56 INFO  : Registering command handlers for SDK TCF services
12:46:58 INFO  : Processing command line option -hwspec C:/Users/Owner/masterthesis6_1_0/masterthesis6_1_0/masterthesis6_1_0.sdk/design_1_wrapper.hdf.
12:46:58 INFO  : Checking for hwspec changes in the project design_1_wrapper_hw_platform_0.
12:46:58 INFO  : SDK has detected change in the last modified timestamps for source hardware specification file Source:1523443512966,  Project:1523194645787
12:46:58 INFO  : The hardware specification for project 'design_1_wrapper_hw_platform_0' is different from C:/Users/Owner/masterthesis6_1_0/masterthesis6_1_0/masterthesis6_1_0.sdk/design_1_wrapper.hdf.
12:46:58 INFO  : Copied contents of C:/Users/Owner/masterthesis6_1_0/masterthesis6_1_0/masterthesis6_1_0.sdk/design_1_wrapper.hdf into \design_1_wrapper_hw_platform_0\system.hdf.
12:46:58 INFO  : Synchronizing projects in the workspace with the hardware platform specification changes.
12:47:04 INFO  : 
12:47:05 INFO  : Updating hardware inferred compiler options for test.
12:47:06 INFO  : Updating hardware inferred compiler options for test_bsp_xgpio_example_1.
12:47:06 INFO  : Clearing existing target manager status.
12:47:06 WARN  : Given IPC port value is invalid. Using default port 2350
12:47:06 WARN  : Given XMD timeout value is invalid. Using default value of 50000
12:47:08 WARN  : Given XMD transaction timeout value is invalid. Using default value of 60000 milli seconds
15:58:14 ERROR : Unexpected error while parsing XMD response ?: com.google.gson.JsonSyntaxException: com.google.gson.stream.MalformedJsonException: invalid number or unquoted string near 
11:15:16 INFO  : Registering command handlers for SDK TCF services
11:15:16 INFO  : Launching XSCT server: xsct.bat -interactive C:\Users\Owner\masterthesis6_1_0\masterthesis6_1_0\masterthesis6_1_0.sdk\temp_xsdb_launch_script.tcl
11:15:18 INFO  : XSCT server has started successfully.
11:15:18 INFO  : Successfully done setting XSCT server connection channel  
11:15:21 INFO  : Successfully done setting SDK workspace  
11:15:21 INFO  : Processing command line option -hwspec C:/Users/Owner/masterthesis6_1_0/masterthesis6_1_0/masterthesis6_1_0.sdk/design_1_wrapper.hdf.
11:15:21 INFO  : Checking for hwspec changes in the project design_1_wrapper_hw_platform_0.
11:40:26 WARN  : Given IPC port value is invalid. Using default port 2350
11:40:26 WARN  : Given XMD timeout value is invalid. Using default value of 50000
11:40:27 WARN  : Given XMD transaction timeout value is invalid. Using default value of 60000 milli seconds
11:40:27 WARN  : Given XMD transaction timeout value is invalid. Using default value of 60000 milli seconds
11:40:28 WARN  : Given XMD transaction timeout value is invalid. Using default value of 60000 milli seconds
11:40:31 WARN  : Given XMD transaction timeout value is invalid. Using default value of 60000 milli seconds
11:40:32 ERROR : Unexpected error while launching program.
com.xilinx.sdk.targetmanager.TMException: Could not detect MDM peripheral on hardware. Please check:
    1. If FPGA is configured correctly
    2. MDM Core is instantiated in the design
    3. If the correct FPGA is referred, in case of multiple FPGAs
    4. If the correct MDM is referred, in case of a multiple MDM system
    

	at com.xilinx.sdk.targetmanager.internal.TM.connectToProcessor(TM.java:478)
	at com.xilinx.sdk.debug.core.XilinxAppLaunchConfigurationDelegate.runTargetSetup(XilinxAppLaunchConfigurationDelegate.java:533)
	at com.xilinx.sdk.debug.core.XilinxAppLaunchConfigurationDelegate.runApplication(XilinxAppLaunchConfigurationDelegate.java:616)
	at com.xilinx.sdk.debug.core.XilinxAppLaunchConfigurationDelegate.launch(XilinxAppLaunchConfigurationDelegate.java:309)
	at com.xilinx.sdk.debug.ui.XilinxAppLaunchDelegateWrapper.launch(XilinxAppLaunchDelegateWrapper.java:31)
	at org.eclipse.debug.internal.core.LaunchConfiguration.launch(LaunchConfiguration.java:885)
	at org.eclipse.debug.internal.core.LaunchConfiguration.launch(LaunchConfiguration.java:739)
	at org.eclipse.debug.internal.ui.DebugUIPlugin.buildAndLaunch(DebugUIPlugin.java:1039)
	at org.eclipse.debug.internal.ui.DebugUIPlugin$8.run(DebugUIPlugin.java:1256)
	at org.eclipse.core.internal.jobs.Worker.run(Worker.java:55)
11:41:42 INFO  : Connected to target on host '127.0.0.1' and port '3121'.
11:41:43 INFO  : 'targets -set -filter {jtag_cable_name =~ "Digilent Zybo 210279A6A4A5A" && level==0} -index 1' command is executed.
11:41:45 INFO  : FPGA configured successfully with bitstream "C:/Users/Owner/masterthesis6_1_0/masterthesis6_1_0/masterthesis6_1_0.sdk/design_1_wrapper_hw_platform_0/download.bit"
12:06:14 INFO  : SDK has detected change in the last modified timestamps for source hardware specification file Source:1523527436995,  Project:1523443512966
12:06:14 INFO  : Project design_1_wrapper_hw_platform_0's source hardware specification located at C:/Users/Owner/masterthesis6_1_0/masterthesis6_1_0/masterthesis6_1_0.sdk/design_1_wrapper.hdf is now different from the local copy.
		 The local copy will be replaced with the source specification and your workspace will be updated.
12:06:48 INFO  : Copied contents of C:/Users/Owner/masterthesis6_1_0/masterthesis6_1_0/masterthesis6_1_0.sdk/design_1_wrapper.hdf into \design_1_wrapper_hw_platform_0\system.hdf.
12:06:48 INFO  : Synchronizing projects in the workspace with the hardware platform specification changes.
12:06:52 INFO  : 
12:06:53 INFO  : Updating hardware inferred compiler options for test.
12:06:53 INFO  : Updating hardware inferred compiler options for test_bsp_xgpio_example_1.
12:06:53 INFO  : Clearing existing target manager status.
12:07:33 INFO  : Connected to target on host '127.0.0.1' and port '3121'.
12:07:33 INFO  : 'targets -set -filter {jtag_cable_name =~ "Digilent Zybo 210279A6A4A5A" && level==0} -index 1' command is executed.
12:07:34 INFO  : FPGA configured successfully with bitstream "C:/Users/Owner/masterthesis6_1_0/masterthesis6_1_0/masterthesis6_1_0.sdk/design_1_wrapper_hw_platform_0/download.bit"
12:20:44 INFO  : SDK has detected change in the last modified timestamps for source hardware specification file Source:1523528173073,  Project:1523527436995
12:20:44 INFO  : Project design_1_wrapper_hw_platform_0's source hardware specification located at C:/Users/Owner/masterthesis6_1_0/masterthesis6_1_0/masterthesis6_1_0.sdk/design_1_wrapper.hdf is now different from the local copy.
		 The local copy will be replaced with the source specification and your workspace will be updated.
12:20:47 INFO  : Copied contents of C:/Users/Owner/masterthesis6_1_0/masterthesis6_1_0/masterthesis6_1_0.sdk/design_1_wrapper.hdf into \design_1_wrapper_hw_platform_0\system.hdf.
12:20:47 INFO  : Synchronizing projects in the workspace with the hardware platform specification changes.
12:20:49 INFO  : 
12:20:50 INFO  : Updating hardware inferred compiler options for test.
12:20:51 INFO  : Updating hardware inferred compiler options for test_bsp_xgpio_example_1.
12:20:51 INFO  : Clearing existing target manager status.
12:22:24 INFO  : Connected to target on host '127.0.0.1' and port '3121'.
12:22:24 INFO  : 'targets -set -filter {jtag_cable_name =~ "Digilent Zybo 210279A6A4A5A" && level==0} -index 1' command is executed.
12:22:25 INFO  : FPGA configured successfully with bitstream "C:/Users/Owner/masterthesis6_1_0/masterthesis6_1_0/masterthesis6_1_0.sdk/design_1_wrapper_hw_platform_0/download.bit"
12:33:31 INFO  : SDK has detected change in the last modified timestamps for source hardware specification file Source:1523529103321,  Project:1523528173073
12:33:31 INFO  : Project design_1_wrapper_hw_platform_0's source hardware specification located at C:/Users/Owner/masterthesis6_1_0/masterthesis6_1_0/masterthesis6_1_0.sdk/design_1_wrapper.hdf is now different from the local copy.
		 The local copy will be replaced with the source specification and your workspace will be updated.
12:33:55 INFO  : Copied contents of C:/Users/Owner/masterthesis6_1_0/masterthesis6_1_0/masterthesis6_1_0.sdk/design_1_wrapper.hdf into \design_1_wrapper_hw_platform_0\system.hdf.
12:33:55 INFO  : Synchronizing projects in the workspace with the hardware platform specification changes.
12:33:57 INFO  : 
12:33:58 INFO  : Updating hardware inferred compiler options for test.
12:33:59 INFO  : Updating hardware inferred compiler options for test_bsp_xgpio_example_1.
12:33:59 INFO  : Clearing existing target manager status.
12:38:24 INFO  : Connected to target on host '127.0.0.1' and port '3121'.
12:38:24 INFO  : 'targets -set -filter {jtag_cable_name =~ "Digilent Zybo 210279A6A4A5A" && level==0} -index 1' command is executed.
12:38:25 INFO  : FPGA configured successfully with bitstream "C:/Users/Owner/masterthesis6_1_0/masterthesis6_1_0/masterthesis6_1_0.sdk/design_1_wrapper_hw_platform_0/download.bit"
12:38:44 WARN  : Given XMD transaction timeout value is invalid. Using default value of 60000 milli seconds
12:38:44 WARN  : Given XMD transaction timeout value is invalid. Using default value of 60000 milli seconds
12:38:44 WARN  : Given XMD transaction timeout value is invalid. Using default value of 60000 milli seconds
12:38:44 ERROR : Unexpected error while launching program.
com.xilinx.sdk.targetmanager.TMException: MicroBlaze is under RESET. Check if the Reset input to MicroBlaze and its Bus Interfaces are connected properly
    UNABLE to STOP MicroBlaze

	at com.xilinx.sdk.targetmanager.internal.TM.connectToProcessor(TM.java:478)
	at com.xilinx.sdk.debug.core.XilinxAppLaunchConfigurationDelegate.runTargetSetup(XilinxAppLaunchConfigurationDelegate.java:533)
	at com.xilinx.sdk.debug.core.XilinxAppLaunchConfigurationDelegate.runApplication(XilinxAppLaunchConfigurationDelegate.java:616)
	at com.xilinx.sdk.debug.core.XilinxAppLaunchConfigurationDelegate.launch(XilinxAppLaunchConfigurationDelegate.java:309)
	at com.xilinx.sdk.debug.ui.XilinxAppLaunchDelegateWrapper.launch(XilinxAppLaunchDelegateWrapper.java:31)
	at org.eclipse.debug.internal.core.LaunchConfiguration.launch(LaunchConfiguration.java:885)
	at org.eclipse.debug.internal.core.LaunchConfiguration.launch(LaunchConfiguration.java:739)
	at org.eclipse.debug.internal.ui.DebugUIPlugin.buildAndLaunch(DebugUIPlugin.java:1039)
	at org.eclipse.debug.internal.ui.DebugUIPlugin$8.run(DebugUIPlugin.java:1256)
	at org.eclipse.core.internal.jobs.Worker.run(Worker.java:55)
13:18:55 INFO  : SDK has detected change in the last modified timestamps for source hardware specification file Source:1523530062303,  Project:1523529103321
13:18:55 INFO  : Project design_1_wrapper_hw_platform_0's source hardware specification located at C:/Users/Owner/masterthesis6_1_0/masterthesis6_1_0/masterthesis6_1_0.sdk/design_1_wrapper.hdf is now different from the local copy.
		 The local copy will be replaced with the source specification and your workspace will be updated.
13:19:14 INFO  : Copied contents of C:/Users/Owner/masterthesis6_1_0/masterthesis6_1_0/masterthesis6_1_0.sdk/design_1_wrapper.hdf into \design_1_wrapper_hw_platform_0\system.hdf.
13:19:14 INFO  : Synchronizing projects in the workspace with the hardware platform specification changes.
13:19:17 INFO  : 
13:19:18 INFO  : Updating hardware inferred compiler options for test.
13:19:19 INFO  : Updating hardware inferred compiler options for test_bsp_xgpio_example_1.
13:19:19 INFO  : Clearing existing target manager status.
13:33:13 INFO  : Connected to target on host '127.0.0.1' and port '3121'.
13:33:13 INFO  : 'targets -set -filter {jtag_cable_name =~ "Digilent Zybo 210279A6A4A5A" && level==0} -index 1' command is executed.
13:33:14 INFO  : FPGA configured successfully with bitstream "C:/Users/Owner/masterthesis6_1_0/masterthesis6_1_0/masterthesis6_1_0.sdk/design_1_wrapper_hw_platform_0/download.bit"
13:33:30 WARN  : Given XMD transaction timeout value is invalid. Using default value of 60000 milli seconds
13:33:30 WARN  : Given XMD transaction timeout value is invalid. Using default value of 60000 milli seconds
13:33:30 WARN  : Given XMD transaction timeout value is invalid. Using default value of 60000 milli seconds
13:33:30 ERROR : Unexpected error while launching program.
com.xilinx.sdk.targetmanager.TMException: MicroBlaze is under RESET. Check if the Reset input to MicroBlaze and its Bus Interfaces are connected properly
    UNABLE to STOP MicroBlaze

	at com.xilinx.sdk.targetmanager.internal.TM.connectToProcessor(TM.java:478)
	at com.xilinx.sdk.debug.core.XilinxAppLaunchConfigurationDelegate.runTargetSetup(XilinxAppLaunchConfigurationDelegate.java:533)
	at com.xilinx.sdk.debug.core.XilinxAppLaunchConfigurationDelegate.runApplication(XilinxAppLaunchConfigurationDelegate.java:616)
	at com.xilinx.sdk.debug.core.XilinxAppLaunchConfigurationDelegate.launch(XilinxAppLaunchConfigurationDelegate.java:309)
	at com.xilinx.sdk.debug.ui.XilinxAppLaunchDelegateWrapper.launch(XilinxAppLaunchDelegateWrapper.java:31)
	at org.eclipse.debug.internal.core.LaunchConfiguration.launch(LaunchConfiguration.java:885)
	at org.eclipse.debug.internal.core.LaunchConfiguration.launch(LaunchConfiguration.java:739)
	at org.eclipse.debug.internal.ui.DebugUIPlugin.buildAndLaunch(DebugUIPlugin.java:1039)
	at org.eclipse.debug.internal.ui.DebugUIPlugin$8.run(DebugUIPlugin.java:1256)
	at org.eclipse.core.internal.jobs.Worker.run(Worker.java:55)
13:35:03 WARN  : Given XMD transaction timeout value is invalid. Using default value of 60000 milli seconds
13:35:03 WARN  : Given XMD transaction timeout value is invalid. Using default value of 60000 milli seconds
13:35:03 WARN  : Given XMD transaction timeout value is invalid. Using default value of 60000 milli seconds
13:35:03 WARN  : Given XMD transaction timeout value is invalid. Using default value of 60000 milli seconds
13:35:03 WARN  : Given XMD transaction timeout value is invalid. Using default value of 60000 milli seconds
13:35:03 INFO  : Processor reset is completed for microblaze_0
13:35:03 WARN  : Given XMD transaction timeout value is invalid. Using default value of 60000 milli seconds
13:35:04 WARN  : Given XMD transaction timeout value is invalid. Using default value of 60000 milli seconds
13:35:04 WARN  : Given XMD transaction timeout value is invalid. Using default value of 60000 milli seconds
13:35:04 WARN  : Given XMD transaction timeout value is invalid. Using default value of 60000 milli seconds
13:35:04 WARN  : Given XMD transaction timeout value is invalid. Using default value of 60000 milli seconds
13:35:04 WARN  : Given XMD transaction timeout value is invalid. Using default value of 60000 milli seconds
13:35:19 WARN  : Given XMD transaction timeout value is invalid. Using default value of 60000 milli seconds
13:35:19 WARN  : Given XMD transaction timeout value is invalid. Using default value of 60000 milli seconds
13:42:15 INFO  : SDK has detected change in the last modified timestamps for source hardware specification file Source:1523533269230,  Project:1523530062303
13:42:15 INFO  : Project design_1_wrapper_hw_platform_0's source hardware specification located at C:/Users/Owner/masterthesis6_1_0/masterthesis6_1_0/masterthesis6_1_0.sdk/design_1_wrapper.hdf is now different from the local copy.
		 The local copy will be replaced with the source specification and your workspace will be updated.
13:42:20 INFO  : Copied contents of C:/Users/Owner/masterthesis6_1_0/masterthesis6_1_0/masterthesis6_1_0.sdk/design_1_wrapper.hdf into \design_1_wrapper_hw_platform_0\system.hdf.
13:42:20 INFO  : Synchronizing projects in the workspace with the hardware platform specification changes.
13:42:22 INFO  : 
13:42:23 INFO  : Updating hardware inferred compiler options for test.
13:42:24 INFO  : Updating hardware inferred compiler options for test_bsp_xgpio_example_1.
13:42:24 INFO  : Clearing existing target manager status.
13:46:37 INFO  : Connected to target on host '127.0.0.1' and port '3121'.
13:46:37 INFO  : 'targets -set -filter {jtag_cable_name =~ "Digilent Zybo 210279A6A4A5A" && level==0} -index 1' command is executed.
13:46:38 INFO  : FPGA configured successfully with bitstream "C:/Users/Owner/masterthesis6_1_0/masterthesis6_1_0/masterthesis6_1_0.sdk/design_1_wrapper_hw_platform_0/download.bit"
13:46:59 WARN  : Given XMD transaction timeout value is invalid. Using default value of 60000 milli seconds
13:46:59 WARN  : Given XMD transaction timeout value is invalid. Using default value of 60000 milli seconds
13:46:59 WARN  : Given XMD transaction timeout value is invalid. Using default value of 60000 milli seconds
13:46:59 ERROR : Unexpected error while launching program.
com.xilinx.sdk.targetmanager.TMException: MicroBlaze is under RESET. Check if the Reset input to MicroBlaze and its Bus Interfaces are connected properly
    UNABLE to STOP MicroBlaze

	at com.xilinx.sdk.targetmanager.internal.TM.connectToProcessor(TM.java:478)
	at com.xilinx.sdk.debug.core.XilinxAppLaunchConfigurationDelegate.runTargetSetup(XilinxAppLaunchConfigurationDelegate.java:533)
	at com.xilinx.sdk.debug.core.XilinxAppLaunchConfigurationDelegate.runApplication(XilinxAppLaunchConfigurationDelegate.java:616)
	at com.xilinx.sdk.debug.core.XilinxAppLaunchConfigurationDelegate.launch(XilinxAppLaunchConfigurationDelegate.java:309)
	at com.xilinx.sdk.debug.ui.XilinxAppLaunchDelegateWrapper.launch(XilinxAppLaunchDelegateWrapper.java:31)
	at org.eclipse.debug.internal.core.LaunchConfiguration.launch(LaunchConfiguration.java:885)
	at org.eclipse.debug.internal.core.LaunchConfiguration.launch(LaunchConfiguration.java:739)
	at org.eclipse.debug.internal.ui.DebugUIPlugin.buildAndLaunch(DebugUIPlugin.java:1039)
	at org.eclipse.debug.internal.ui.DebugUIPlugin$8.run(DebugUIPlugin.java:1256)
	at org.eclipse.core.internal.jobs.Worker.run(Worker.java:55)
13:47:13 WARN  : Given XMD transaction timeout value is invalid. Using default value of 60000 milli seconds
13:47:13 WARN  : Given XMD transaction timeout value is invalid. Using default value of 60000 milli seconds
13:47:13 WARN  : Given XMD transaction timeout value is invalid. Using default value of 60000 milli seconds
13:47:14 WARN  : Given XMD transaction timeout value is invalid. Using default value of 60000 milli seconds
13:47:14 WARN  : Given XMD transaction timeout value is invalid. Using default value of 60000 milli seconds
13:47:14 INFO  : Processor reset is completed for microblaze_0
13:47:14 WARN  : Given XMD transaction timeout value is invalid. Using default value of 60000 milli seconds
13:47:14 WARN  : Given XMD transaction timeout value is invalid. Using default value of 60000 milli seconds
13:47:14 WARN  : Given XMD transaction timeout value is invalid. Using default value of 60000 milli seconds
13:47:14 WARN  : Given XMD transaction timeout value is invalid. Using default value of 60000 milli seconds
13:47:14 WARN  : Given XMD transaction timeout value is invalid. Using default value of 60000 milli seconds
13:47:14 WARN  : Given XMD transaction timeout value is invalid. Using default value of 60000 milli seconds
13:47:40 WARN  : Given XMD transaction timeout value is invalid. Using default value of 60000 milli seconds
13:47:40 INFO  : microblaze_0 Processor is in use. Please stop existing Run or Debug sessions before launching.
13:47:43 WARN  : Given XMD transaction timeout value is invalid. Using default value of 60000 milli seconds
13:47:43 WARN  : Given XMD transaction timeout value is invalid. Using default value of 60000 milli seconds
13:47:43 WARN  : Given XMD transaction timeout value is invalid. Using default value of 60000 milli seconds
13:47:43 INFO  : Processor reset is completed for microblaze_0
13:47:43 WARN  : Given XMD transaction timeout value is invalid. Using default value of 60000 milli seconds
13:47:44 WARN  : Given XMD transaction timeout value is invalid. Using default value of 60000 milli seconds
13:47:44 WARN  : Given XMD transaction timeout value is invalid. Using default value of 60000 milli seconds
13:47:44 WARN  : Given XMD transaction timeout value is invalid. Using default value of 60000 milli seconds
13:47:44 WARN  : Given XMD transaction timeout value is invalid. Using default value of 60000 milli seconds
13:47:44 WARN  : Given XMD transaction timeout value is invalid. Using default value of 60000 milli seconds
14:24:46 WARN  : Given XMD transaction timeout value is invalid. Using default value of 60000 milli seconds
14:24:46 WARN  : Given XMD transaction timeout value is invalid. Using default value of 60000 milli seconds
14:24:47 ERROR : Unexpected error while parsing XMD response ?: com.google.gson.JsonSyntaxException: com.google.gson.stream.MalformedJsonException: invalid number or unquoted string near 
11:10:42 INFO  : Registering command handlers for SDK TCF services
11:10:43 INFO  : Launching XSCT server: xsct.bat -interactive C:\Users\Owner\masterthesis6_1_0\masterthesis6_1_0\masterthesis6_1_0.sdk\temp_xsdb_launch_script.tcl
11:10:46 INFO  : XSCT server has started successfully.
11:10:46 INFO  : Successfully done setting XSCT server connection channel  
11:10:48 INFO  : Successfully done setting SDK workspace  
11:10:48 INFO  : Processing command line option -hwspec C:/Users/Owner/masterthesis6_1_0/masterthesis6_1_0/masterthesis6_1_0.sdk/design_1_wrapper.hdf.
11:10:48 INFO  : Checking for hwspec changes in the project design_1_wrapper_hw_platform_0.
11:43:02 INFO  : Connected to target on host '127.0.0.1' and port '3121'.
11:43:04 INFO  : 'targets -set -filter {jtag_cable_name =~ "Digilent Zybo 210279A6A4A5A" && level==0} -index 1' command is executed.
11:43:06 INFO  : FPGA configured successfully with bitstream "C:/Users/Owner/masterthesis6_1_0/masterthesis6_1_0/masterthesis6_1_0.sdk/design_1_wrapper_hw_platform_0/download.bit"
11:43:12 WARN  : Given IPC port value is invalid. Using default port 2350
11:43:12 WARN  : Given XMD timeout value is invalid. Using default value of 50000
11:43:13 WARN  : Given XMD transaction timeout value is invalid. Using default value of 60000 milli seconds
11:43:13 WARN  : Given XMD transaction timeout value is invalid. Using default value of 60000 milli seconds
11:43:15 WARN  : Given XMD transaction timeout value is invalid. Using default value of 60000 milli seconds
11:43:15 WARN  : Given XMD transaction timeout value is invalid. Using default value of 60000 milli seconds
11:43:15 WARN  : Given XMD transaction timeout value is invalid. Using default value of 60000 milli seconds
11:43:15 WARN  : Given XMD transaction timeout value is invalid. Using default value of 60000 milli seconds
11:43:15 WARN  : Given XMD transaction timeout value is invalid. Using default value of 60000 milli seconds
11:43:15 INFO  : Processor reset is completed for microblaze_0
11:43:15 WARN  : Given XMD transaction timeout value is invalid. Using default value of 60000 milli seconds
11:43:15 WARN  : Given XMD transaction timeout value is invalid. Using default value of 60000 milli seconds
11:43:15 WARN  : Given XMD transaction timeout value is invalid. Using default value of 60000 milli seconds
11:43:15 WARN  : Given XMD transaction timeout value is invalid. Using default value of 60000 milli seconds
11:43:16 WARN  : Given XMD transaction timeout value is invalid. Using default value of 60000 milli seconds
11:43:16 WARN  : Given XMD transaction timeout value is invalid. Using default value of 60000 milli seconds
11:44:34 WARN  : Given XMD transaction timeout value is invalid. Using default value of 60000 milli seconds
11:44:34 INFO  : microblaze_0 Processor is in use. Please stop existing Run or Debug sessions before launching.
11:44:36 WARN  : Given XMD transaction timeout value is invalid. Using default value of 60000 milli seconds
11:44:36 WARN  : Given XMD transaction timeout value is invalid. Using default value of 60000 milli seconds
11:44:36 WARN  : Given XMD transaction timeout value is invalid. Using default value of 60000 milli seconds
11:44:36 INFO  : Processor reset is completed for microblaze_0
11:44:36 WARN  : Given XMD transaction timeout value is invalid. Using default value of 60000 milli seconds
11:44:37 WARN  : Given XMD transaction timeout value is invalid. Using default value of 60000 milli seconds
11:44:37 WARN  : Given XMD transaction timeout value is invalid. Using default value of 60000 milli seconds
11:44:37 WARN  : Given XMD transaction timeout value is invalid. Using default value of 60000 milli seconds
11:44:37 WARN  : Given XMD transaction timeout value is invalid. Using default value of 60000 milli seconds
11:44:37 WARN  : Given XMD transaction timeout value is invalid. Using default value of 60000 milli seconds
11:45:08 WARN  : Given XMD transaction timeout value is invalid. Using default value of 60000 milli seconds
11:45:08 INFO  : microblaze_0 Processor is in use. Please stop existing Run or Debug sessions before launching.
11:45:10 WARN  : Given XMD transaction timeout value is invalid. Using default value of 60000 milli seconds
11:45:10 WARN  : Given XMD transaction timeout value is invalid. Using default value of 60000 milli seconds
11:45:10 WARN  : Given XMD transaction timeout value is invalid. Using default value of 60000 milli seconds
11:45:10 INFO  : Processor reset is completed for microblaze_0
11:45:10 WARN  : Given XMD transaction timeout value is invalid. Using default value of 60000 milli seconds
11:45:10 WARN  : Given XMD transaction timeout value is invalid. Using default value of 60000 milli seconds
11:45:11 WARN  : Given XMD transaction timeout value is invalid. Using default value of 60000 milli seconds
11:45:11 WARN  : Given XMD transaction timeout value is invalid. Using default value of 60000 milli seconds
11:45:11 WARN  : Given XMD transaction timeout value is invalid. Using default value of 60000 milli seconds
11:45:11 WARN  : Given XMD transaction timeout value is invalid. Using default value of 60000 milli seconds
11:46:16 WARN  : Given XMD transaction timeout value is invalid. Using default value of 60000 milli seconds
11:46:16 WARN  : Given XMD transaction timeout value is invalid. Using default value of 60000 milli seconds
12:36:11 INFO  : SDK has detected change in the last modified timestamps for source hardware specification file Source:1523874727703,  Project:1523533269230
12:36:11 INFO  : Project design_1_wrapper_hw_platform_0's source hardware specification located at C:/Users/Owner/masterthesis6_1_0/masterthesis6_1_0/masterthesis6_1_0.sdk/design_1_wrapper.hdf is now different from the local copy.
		 The local copy will be replaced with the source specification and your workspace will be updated.
12:36:17 INFO  : Copied contents of C:/Users/Owner/masterthesis6_1_0/masterthesis6_1_0/masterthesis6_1_0.sdk/design_1_wrapper.hdf into \design_1_wrapper_hw_platform_0\system.hdf.
12:36:17 INFO  : Synchronizing projects in the workspace with the hardware platform specification changes.
12:36:21 INFO  : 
12:36:22 INFO  : Updating hardware inferred compiler options for test.
12:36:23 INFO  : Updating hardware inferred compiler options for test_bsp_xgpio_example_1.
12:36:23 INFO  : Clearing existing target manager status.
13:23:50 INFO  : Connected to target on host '127.0.0.1' and port '3121'.
13:23:50 INFO  : 'targets -set -filter {jtag_cable_name =~ "Digilent Zybo 210279A6A4A5A" && level==0} -index 1' command is executed.
13:23:51 INFO  : FPGA configured successfully with bitstream "C:/Users/Owner/masterthesis6_1_0/masterthesis6_1_0/masterthesis6_1_0.sdk/design_1_wrapper_hw_platform_0/download.bit"
13:23:57 WARN  : Given XMD transaction timeout value is invalid. Using default value of 60000 milli seconds
13:23:58 WARN  : Given XMD transaction timeout value is invalid. Using default value of 60000 milli seconds
13:23:58 WARN  : Given XMD transaction timeout value is invalid. Using default value of 60000 milli seconds
13:23:58 WARN  : Given XMD transaction timeout value is invalid. Using default value of 60000 milli seconds
13:23:58 WARN  : Given XMD transaction timeout value is invalid. Using default value of 60000 milli seconds
13:23:58 WARN  : Given XMD transaction timeout value is invalid. Using default value of 60000 milli seconds
13:23:58 INFO  : Processor reset is completed for microblaze_0
13:23:58 WARN  : Given XMD transaction timeout value is invalid. Using default value of 60000 milli seconds
13:23:58 WARN  : Given XMD transaction timeout value is invalid. Using default value of 60000 milli seconds
13:23:58 WARN  : Given XMD transaction timeout value is invalid. Using default value of 60000 milli seconds
13:23:59 WARN  : Given XMD transaction timeout value is invalid. Using default value of 60000 milli seconds
13:23:59 WARN  : Given XMD transaction timeout value is invalid. Using default value of 60000 milli seconds
13:23:59 WARN  : Given XMD transaction timeout value is invalid. Using default value of 60000 milli seconds
13:24:42 WARN  : Given XMD transaction timeout value is invalid. Using default value of 60000 milli seconds
13:24:42 INFO  : microblaze_0 Processor is in use. Please stop existing Run or Debug sessions before launching.
13:24:44 WARN  : Given XMD transaction timeout value is invalid. Using default value of 60000 milli seconds
13:24:44 WARN  : Given XMD transaction timeout value is invalid. Using default value of 60000 milli seconds
13:24:44 WARN  : Given XMD transaction timeout value is invalid. Using default value of 60000 milli seconds
13:24:44 INFO  : Processor reset is completed for microblaze_0
13:24:44 WARN  : Given XMD transaction timeout value is invalid. Using default value of 60000 milli seconds
13:24:44 WARN  : Given XMD transaction timeout value is invalid. Using default value of 60000 milli seconds
13:24:44 WARN  : Given XMD transaction timeout value is invalid. Using default value of 60000 milli seconds
13:24:44 WARN  : Given XMD transaction timeout value is invalid. Using default value of 60000 milli seconds
13:24:45 WARN  : Given XMD transaction timeout value is invalid. Using default value of 60000 milli seconds
13:24:45 WARN  : Given XMD transaction timeout value is invalid. Using default value of 60000 milli seconds
13:25:26 WARN  : Given XMD transaction timeout value is invalid. Using default value of 60000 milli seconds
13:25:26 INFO  : microblaze_0 Processor is in use. Please stop existing Run or Debug sessions before launching.
13:25:29 WARN  : Given XMD transaction timeout value is invalid. Using default value of 60000 milli seconds
13:25:29 WARN  : Given XMD transaction timeout value is invalid. Using default value of 60000 milli seconds
13:25:29 WARN  : Given XMD transaction timeout value is invalid. Using default value of 60000 milli seconds
13:25:29 INFO  : Processor reset is completed for microblaze_0
13:25:29 WARN  : Given XMD transaction timeout value is invalid. Using default value of 60000 milli seconds
13:25:30 WARN  : Given XMD transaction timeout value is invalid. Using default value of 60000 milli seconds
13:25:30 WARN  : Given XMD transaction timeout value is invalid. Using default value of 60000 milli seconds
13:25:30 WARN  : Given XMD transaction timeout value is invalid. Using default value of 60000 milli seconds
13:25:30 WARN  : Given XMD transaction timeout value is invalid. Using default value of 60000 milli seconds
13:25:30 WARN  : Given XMD transaction timeout value is invalid. Using default value of 60000 milli seconds
13:26:32 WARN  : Given XMD transaction timeout value is invalid. Using default value of 60000 milli seconds
13:26:32 INFO  : microblaze_0 Processor is in use. Please stop existing Run or Debug sessions before launching.
13:26:34 WARN  : Given XMD transaction timeout value is invalid. Using default value of 60000 milli seconds
13:26:34 WARN  : Given XMD transaction timeout value is invalid. Using default value of 60000 milli seconds
13:26:34 WARN  : Given XMD transaction timeout value is invalid. Using default value of 60000 milli seconds
13:26:34 INFO  : Processor reset is completed for microblaze_0
13:26:34 WARN  : Given XMD transaction timeout value is invalid. Using default value of 60000 milli seconds
13:26:35 WARN  : Given XMD transaction timeout value is invalid. Using default value of 60000 milli seconds
13:26:35 WARN  : Given XMD transaction timeout value is invalid. Using default value of 60000 milli seconds
13:26:35 WARN  : Given XMD transaction timeout value is invalid. Using default value of 60000 milli seconds
13:26:35 WARN  : Given XMD transaction timeout value is invalid. Using default value of 60000 milli seconds
13:26:35 WARN  : Given XMD transaction timeout value is invalid. Using default value of 60000 milli seconds
13:28:11 WARN  : Given XMD transaction timeout value is invalid. Using default value of 60000 milli seconds
13:28:11 INFO  : microblaze_0 Processor is in use. Please stop existing Run or Debug sessions before launching.
13:28:13 WARN  : Given XMD transaction timeout value is invalid. Using default value of 60000 milli seconds
13:28:14 WARN  : Given XMD transaction timeout value is invalid. Using default value of 60000 milli seconds
13:28:14 WARN  : Given XMD transaction timeout value is invalid. Using default value of 60000 milli seconds
13:28:14 INFO  : Processor reset is completed for microblaze_0
13:28:14 WARN  : Given XMD transaction timeout value is invalid. Using default value of 60000 milli seconds
13:28:14 WARN  : Given XMD transaction timeout value is invalid. Using default value of 60000 milli seconds
13:28:14 WARN  : Given XMD transaction timeout value is invalid. Using default value of 60000 milli seconds
13:28:14 WARN  : Given XMD transaction timeout value is invalid. Using default value of 60000 milli seconds
13:28:14 WARN  : Given XMD transaction timeout value is invalid. Using default value of 60000 milli seconds
13:28:14 WARN  : Given XMD transaction timeout value is invalid. Using default value of 60000 milli seconds
13:29:17 WARN  : Given XMD transaction timeout value is invalid. Using default value of 60000 milli seconds
13:29:17 INFO  : microblaze_0 Processor is in use. Please stop existing Run or Debug sessions before launching.
13:29:21 WARN  : Given XMD transaction timeout value is invalid. Using default value of 60000 milli seconds
13:29:21 WARN  : Given XMD transaction timeout value is invalid. Using default value of 60000 milli seconds
13:29:21 WARN  : Given XMD transaction timeout value is invalid. Using default value of 60000 milli seconds
13:29:21 INFO  : Processor reset is completed for microblaze_0
13:29:21 WARN  : Given XMD transaction timeout value is invalid. Using default value of 60000 milli seconds
13:29:21 WARN  : Given XMD transaction timeout value is invalid. Using default value of 60000 milli seconds
13:29:21 WARN  : Given XMD transaction timeout value is invalid. Using default value of 60000 milli seconds
13:29:22 WARN  : Given XMD transaction timeout value is invalid. Using default value of 60000 milli seconds
13:29:22 WARN  : Given XMD transaction timeout value is invalid. Using default value of 60000 milli seconds
13:29:22 WARN  : Given XMD transaction timeout value is invalid. Using default value of 60000 milli seconds
13:29:57 WARN  : Given XMD transaction timeout value is invalid. Using default value of 60000 milli seconds
13:29:57 INFO  : microblaze_0 Processor is in use. Please stop existing Run or Debug sessions before launching.
13:29:58 WARN  : Given XMD transaction timeout value is invalid. Using default value of 60000 milli seconds
13:29:58 WARN  : Given XMD transaction timeout value is invalid. Using default value of 60000 milli seconds
13:29:58 WARN  : Given XMD transaction timeout value is invalid. Using default value of 60000 milli seconds
13:29:59 INFO  : Processor reset is completed for microblaze_0
13:29:59 WARN  : Given XMD transaction timeout value is invalid. Using default value of 60000 milli seconds
13:29:59 WARN  : Given XMD transaction timeout value is invalid. Using default value of 60000 milli seconds
13:29:59 WARN  : Given XMD transaction timeout value is invalid. Using default value of 60000 milli seconds
13:29:59 WARN  : Given XMD transaction timeout value is invalid. Using default value of 60000 milli seconds
13:29:59 WARN  : Given XMD transaction timeout value is invalid. Using default value of 60000 milli seconds
13:29:59 WARN  : Given XMD transaction timeout value is invalid. Using default value of 60000 milli seconds
13:30:41 WARN  : Given XMD transaction timeout value is invalid. Using default value of 60000 milli seconds
13:30:41 INFO  : microblaze_0 Processor is in use. Please stop existing Run or Debug sessions before launching.
13:30:43 WARN  : Given XMD transaction timeout value is invalid. Using default value of 60000 milli seconds
13:30:43 WARN  : Given XMD transaction timeout value is invalid. Using default value of 60000 milli seconds
13:30:43 WARN  : Given XMD transaction timeout value is invalid. Using default value of 60000 milli seconds
13:30:43 INFO  : Processor reset is completed for microblaze_0
13:30:43 WARN  : Given XMD transaction timeout value is invalid. Using default value of 60000 milli seconds
13:30:43 WARN  : Given XMD transaction timeout value is invalid. Using default value of 60000 milli seconds
13:30:43 WARN  : Given XMD transaction timeout value is invalid. Using default value of 60000 milli seconds
13:30:43 WARN  : Given XMD transaction timeout value is invalid. Using default value of 60000 milli seconds
13:30:44 WARN  : Given XMD transaction timeout value is invalid. Using default value of 60000 milli seconds
13:30:44 WARN  : Given XMD transaction timeout value is invalid. Using default value of 60000 milli seconds
13:31:01 WARN  : Given XMD transaction timeout value is invalid. Using default value of 60000 milli seconds
13:31:01 INFO  : microblaze_0 Processor is in use. Please stop existing Run or Debug sessions before launching.
13:31:02 WARN  : Given XMD transaction timeout value is invalid. Using default value of 60000 milli seconds
13:31:02 WARN  : Given XMD transaction timeout value is invalid. Using default value of 60000 milli seconds
13:31:02 WARN  : Given XMD transaction timeout value is invalid. Using default value of 60000 milli seconds
13:31:02 INFO  : Processor reset is completed for microblaze_0
13:31:02 WARN  : Given XMD transaction timeout value is invalid. Using default value of 60000 milli seconds
13:31:02 WARN  : Given XMD transaction timeout value is invalid. Using default value of 60000 milli seconds
13:31:02 WARN  : Given XMD transaction timeout value is invalid. Using default value of 60000 milli seconds
13:31:03 WARN  : Given XMD transaction timeout value is invalid. Using default value of 60000 milli seconds
13:31:03 WARN  : Given XMD transaction timeout value is invalid. Using default value of 60000 milli seconds
13:31:03 WARN  : Given XMD transaction timeout value is invalid. Using default value of 60000 milli seconds
13:31:26 WARN  : Given XMD transaction timeout value is invalid. Using default value of 60000 milli seconds
13:31:26 INFO  : microblaze_0 Processor is in use. Please stop existing Run or Debug sessions before launching.
13:31:27 WARN  : Given XMD transaction timeout value is invalid. Using default value of 60000 milli seconds
13:31:27 WARN  : Given XMD transaction timeout value is invalid. Using default value of 60000 milli seconds
13:31:27 WARN  : Given XMD transaction timeout value is invalid. Using default value of 60000 milli seconds
13:31:27 INFO  : Processor reset is completed for microblaze_0
13:31:27 WARN  : Given XMD transaction timeout value is invalid. Using default value of 60000 milli seconds
13:31:28 WARN  : Given XMD transaction timeout value is invalid. Using default value of 60000 milli seconds
13:31:28 WARN  : Given XMD transaction timeout value is invalid. Using default value of 60000 milli seconds
13:31:28 WARN  : Given XMD transaction timeout value is invalid. Using default value of 60000 milli seconds
13:31:28 WARN  : Given XMD transaction timeout value is invalid. Using default value of 60000 milli seconds
13:31:28 WARN  : Given XMD transaction timeout value is invalid. Using default value of 60000 milli seconds
13:31:40 WARN  : Given XMD transaction timeout value is invalid. Using default value of 60000 milli seconds
13:31:41 INFO  : microblaze_0 Processor is in use. Please stop existing Run or Debug sessions before launching.
13:31:42 WARN  : Given XMD transaction timeout value is invalid. Using default value of 60000 milli seconds
13:31:42 WARN  : Given XMD transaction timeout value is invalid. Using default value of 60000 milli seconds
13:31:42 WARN  : Given XMD transaction timeout value is invalid. Using default value of 60000 milli seconds
13:31:43 INFO  : Processor reset is completed for microblaze_0
13:31:43 WARN  : Given XMD transaction timeout value is invalid. Using default value of 60000 milli seconds
13:31:43 WARN  : Given XMD transaction timeout value is invalid. Using default value of 60000 milli seconds
13:31:43 WARN  : Given XMD transaction timeout value is invalid. Using default value of 60000 milli seconds
13:31:43 WARN  : Given XMD transaction timeout value is invalid. Using default value of 60000 milli seconds
13:31:43 WARN  : Given XMD transaction timeout value is invalid. Using default value of 60000 milli seconds
13:31:43 WARN  : Given XMD transaction timeout value is invalid. Using default value of 60000 milli seconds
13:32:05 WARN  : Given XMD transaction timeout value is invalid. Using default value of 60000 milli seconds
13:32:05 INFO  : microblaze_0 Processor is in use. Please stop existing Run or Debug sessions before launching.
13:32:07 WARN  : Given XMD transaction timeout value is invalid. Using default value of 60000 milli seconds
13:32:07 WARN  : Given XMD transaction timeout value is invalid. Using default value of 60000 milli seconds
13:32:07 WARN  : Given XMD transaction timeout value is invalid. Using default value of 60000 milli seconds
13:32:07 INFO  : Processor reset is completed for microblaze_0
13:32:07 WARN  : Given XMD transaction timeout value is invalid. Using default value of 60000 milli seconds
13:32:07 WARN  : Given XMD transaction timeout value is invalid. Using default value of 60000 milli seconds
13:32:07 WARN  : Given XMD transaction timeout value is invalid. Using default value of 60000 milli seconds
13:32:07 WARN  : Given XMD transaction timeout value is invalid. Using default value of 60000 milli seconds
13:32:08 WARN  : Given XMD transaction timeout value is invalid. Using default value of 60000 milli seconds
13:32:08 WARN  : Given XMD transaction timeout value is invalid. Using default value of 60000 milli seconds
13:34:25 WARN  : Given XMD transaction timeout value is invalid. Using default value of 60000 milli seconds
13:34:25 INFO  : microblaze_0 Processor is in use. Please stop existing Run or Debug sessions before launching.
13:34:27 WARN  : Given XMD transaction timeout value is invalid. Using default value of 60000 milli seconds
13:34:27 WARN  : Given XMD transaction timeout value is invalid. Using default value of 60000 milli seconds
13:34:27 WARN  : Given XMD transaction timeout value is invalid. Using default value of 60000 milli seconds
13:34:27 INFO  : Processor reset is completed for microblaze_0
13:34:27 WARN  : Given XMD transaction timeout value is invalid. Using default value of 60000 milli seconds
13:34:27 WARN  : Given XMD transaction timeout value is invalid. Using default value of 60000 milli seconds
13:34:28 WARN  : Given XMD transaction timeout value is invalid. Using default value of 60000 milli seconds
13:34:28 WARN  : Given XMD transaction timeout value is invalid. Using default value of 60000 milli seconds
13:34:28 WARN  : Given XMD transaction timeout value is invalid. Using default value of 60000 milli seconds
13:34:28 WARN  : Given XMD transaction timeout value is invalid. Using default value of 60000 milli seconds
13:34:43 WARN  : Given XMD transaction timeout value is invalid. Using default value of 60000 milli seconds
13:34:43 INFO  : microblaze_0 Processor is in use. Please stop existing Run or Debug sessions before launching.
13:34:45 WARN  : Given XMD transaction timeout value is invalid. Using default value of 60000 milli seconds
13:34:45 WARN  : Given XMD transaction timeout value is invalid. Using default value of 60000 milli seconds
13:34:45 WARN  : Given XMD transaction timeout value is invalid. Using default value of 60000 milli seconds
13:34:45 INFO  : Processor reset is completed for microblaze_0
13:34:45 WARN  : Given XMD transaction timeout value is invalid. Using default value of 60000 milli seconds
13:34:45 WARN  : Given XMD transaction timeout value is invalid. Using default value of 60000 milli seconds
13:34:45 WARN  : Given XMD transaction timeout value is invalid. Using default value of 60000 milli seconds
13:34:45 WARN  : Given XMD transaction timeout value is invalid. Using default value of 60000 milli seconds
13:34:45 WARN  : Given XMD transaction timeout value is invalid. Using default value of 60000 milli seconds
13:34:46 WARN  : Given XMD transaction timeout value is invalid. Using default value of 60000 milli seconds
13:35:37 WARN  : Given XMD transaction timeout value is invalid. Using default value of 60000 milli seconds
13:35:37 WARN  : Given XMD transaction timeout value is invalid. Using default value of 60000 milli seconds
13:37:48 WARN  : Given XMD transaction timeout value is invalid. Using default value of 60000 milli seconds
13:37:48 WARN  : Given XMD transaction timeout value is invalid. Using default value of 60000 milli seconds
13:37:48 WARN  : Given XMD transaction timeout value is invalid. Using default value of 60000 milli seconds
13:37:48 WARN  : Given XMD transaction timeout value is invalid. Using default value of 60000 milli seconds
13:37:48 WARN  : Given XMD transaction timeout value is invalid. Using default value of 60000 milli seconds
13:37:48 INFO  : Processor reset is completed for microblaze_0
13:37:48 WARN  : Given XMD transaction timeout value is invalid. Using default value of 60000 milli seconds
13:37:48 WARN  : Given XMD transaction timeout value is invalid. Using default value of 60000 milli seconds
13:37:48 WARN  : Given XMD transaction timeout value is invalid. Using default value of 60000 milli seconds
13:37:49 WARN  : Given XMD transaction timeout value is invalid. Using default value of 60000 milli seconds
13:37:49 WARN  : Given XMD transaction timeout value is invalid. Using default value of 60000 milli seconds
13:37:49 WARN  : Given XMD transaction timeout value is invalid. Using default value of 60000 milli seconds
13:37:53 WARN  : Given XMD transaction timeout value is invalid. Using default value of 60000 milli seconds
13:37:53 WARN  : Given XMD transaction timeout value is invalid. Using default value of 60000 milli seconds
14:20:56 INFO  : SDK has detected change in the last modified timestamps for source hardware specification file Source:1523881086805,  Project:1523874727703
14:20:56 INFO  : Project design_1_wrapper_hw_platform_0's source hardware specification located at C:/Users/Owner/masterthesis6_1_0/masterthesis6_1_0/masterthesis6_1_0.sdk/design_1_wrapper.hdf is now different from the local copy.
		 The local copy will be replaced with the source specification and your workspace will be updated.
14:21:02 INFO  : Copied contents of C:/Users/Owner/masterthesis6_1_0/masterthesis6_1_0/masterthesis6_1_0.sdk/design_1_wrapper.hdf into \design_1_wrapper_hw_platform_0\system.hdf.
14:21:02 INFO  : Synchronizing projects in the workspace with the hardware platform specification changes.
14:21:04 INFO  : 
14:21:05 INFO  : Updating hardware inferred compiler options for test.
14:21:06 INFO  : Updating hardware inferred compiler options for test_bsp_xgpio_example_1.
14:21:06 INFO  : Clearing existing target manager status.
14:27:23 INFO  : Example project test_bsp_xgpio_intr_tapp_example_1 has been created successfully.
14:27:24 INFO  : Example project test_bsp_xgpio_low_level_example_1 has been created successfully.
15:10:10 ERROR : Unexpected error while parsing XMD response ?: com.google.gson.JsonSyntaxException: com.google.gson.stream.MalformedJsonException: invalid number or unquoted string near 
11:20:44 INFO  : Registering command handlers for SDK TCF services
11:20:44 INFO  : Launching XSCT server: xsct.bat -interactive C:\Users\Owner\masterthesis6_1_0\masterthesis6_1_0\masterthesis6_1_0.sdk\temp_xsdb_launch_script.tcl
11:20:47 INFO  : XSCT server has started successfully.
11:20:47 INFO  : Successfully done setting XSCT server connection channel  
11:20:50 INFO  : Successfully done setting SDK workspace  
11:20:50 INFO  : Processing command line option -hwspec C:/Users/Owner/masterthesis6_1_0/masterthesis6_1_0/masterthesis6_1_0.sdk/design_1_wrapper.hdf.
11:20:50 INFO  : Checking for hwspec changes in the project design_1_wrapper_hw_platform_0.
09:08:03 INFO  : Registering command handlers for SDK TCF services
09:08:03 INFO  : Launching XSCT server: xsct.bat -interactive C:\Users\Owner\masterthesis6_1_0\masterthesis6_1_0\masterthesis6_1_0.sdk\temp_xsdb_launch_script.tcl
09:08:06 INFO  : XSCT server has started successfully.
09:08:09 INFO  : Processing command line option -hwspec C:/Users/Owner/masterthesis6_1_0/masterthesis6_1_0/masterthesis6_1_0.sdk/design_1_wrapper.hdf.
09:08:09 INFO  : Successfully done setting XSCT server connection channel  
09:08:09 INFO  : Successfully done setting SDK workspace  
09:08:09 INFO  : Checking for hwspec changes in the project design_1_wrapper_hw_platform_0.
13:28:48 INFO  : Registering command handlers for SDK TCF services
13:28:49 INFO  : Launching XSCT server: xsct.bat -interactive C:\Users\Owner\masterthesis6_1_0\masterthesis6_1_0\masterthesis6_1_0.sdk\temp_xsdb_launch_script.tcl
13:28:52 INFO  : XSCT server has started successfully.
13:28:52 INFO  : Successfully done setting XSCT server connection channel  
13:28:54 INFO  : Successfully done setting SDK workspace  
13:28:54 INFO  : Processing command line option -hwspec C:/Users/Owner/masterthesis6_1_0/masterthesis6_1_0/masterthesis6_1_0.sdk/design_1_wrapper.hdf.
13:28:54 INFO  : Checking for hwspec changes in the project design_1_wrapper_hw_platform_0.
13:44:55 INFO  : Registering command handlers for SDK TCF services
13:44:56 INFO  : Launching XSCT server: xsct.bat -interactive C:\Users\Owner\masterthesis6_1_0\masterthesis6_1_0\masterthesis6_1_0.sdk\temp_xsdb_launch_script.tcl
13:44:59 INFO  : XSCT server has started successfully.
13:45:01 INFO  : Successfully done setting XSCT server connection channel  
13:45:01 INFO  : Processing command line option -hwspec C:/Users/Owner/masterthesis6_1_0/masterthesis6_1_0/masterthesis6_1_0.sdk/design_1_wrapper.hdf.
13:45:01 INFO  : Successfully done setting SDK workspace  
13:45:02 INFO  : Checking for hwspec changes in the project design_1_wrapper_hw_platform_0.
16:50:52 INFO  : Registering command handlers for SDK TCF services
16:50:52 INFO  : Launching XSCT server: xsct.bat -interactive C:\Users\Owner\masterthesis6_1_0\masterthesis6_1_0\masterthesis6_1_0.sdk\temp_xsdb_launch_script.tcl
16:50:55 INFO  : XSCT server has started successfully.
16:50:58 INFO  : Successfully done setting XSCT server connection channel  
16:50:58 INFO  : Processing command line option -hwspec C:/Users/Owner/masterthesis6_1_0/masterthesis6_1_0/masterthesis6_1_0.sdk/design_1_wrapper.hdf.
16:50:58 INFO  : Successfully done setting SDK workspace  
16:50:58 INFO  : Checking for hwspec changes in the project design_1_wrapper_hw_platform_0.
17:09:17 INFO  : Registering command handlers for SDK TCF services
17:09:18 INFO  : Launching XSCT server: xsct.bat -interactive C:\Users\Owner\masterthesis6_1_0\masterthesis6_1_0\masterthesis6_1_0.sdk\temp_xsdb_launch_script.tcl
17:09:21 INFO  : XSCT server has started successfully.
17:09:25 INFO  : Successfully done setting XSCT server connection channel  
17:09:25 INFO  : Processing command line option -hwspec C:/Users/Owner/masterthesis6_1_0/masterthesis6_1_0/masterthesis6_1_0.sdk/design_1_wrapper.hdf.
17:09:25 INFO  : Successfully done setting SDK workspace  
17:09:25 INFO  : Checking for hwspec changes in the project design_1_wrapper_hw_platform_0.
