Copyright 1986-2017 Xilinx, Inc. All Rights Reserved.
--------------------------------------------------------------------------------------------------------------------------------------------------------------------------------------
| Tool Version : Vivado v.2017.4 (win64) Build 2086221 Fri Dec 15 20:55:39 MST 2017
| Date         : Thu Feb  1 15:05:16 2018
| Host         : AtleHusmoUndrum running 64-bit major release  (build 9200)
| Command      : report_methodology -file design_2_wrapper_methodology_drc_routed.rpt -pb design_2_wrapper_methodology_drc_routed.pb -rpx design_2_wrapper_methodology_drc_routed.rpx
| Design       : design_2_wrapper
| Device       : xc7z010clg400-1
| Speed File   : -1
| Design State : Routed
--------------------------------------------------------------------------------------------------------------------------------------------------------------------------------------

Report Methodology

Table of Contents
-----------------
1. REPORT SUMMARY
2. REPORT DETAILS

1. REPORT SUMMARY
-----------------
            Netlist: netlist
          Floorplan: design_1
      Design limits: <entire design considered>
             Max violations: <unlimited>
             Violations found: 348
+-----------+----------+-----------------------------+------------+
| Rule      | Severity | Description                 | Violations |
+-----------+----------+-----------------------------+------------+
| TIMING-17 | Warning  | Non-clocked sequential cell | 348        |
+-----------+----------+-----------------------------+------------+

2. REPORT DETAILS
-----------------
TIMING-17#1 Warning
Non-clocked sequential cell  
The clock pin design_2_i/top_0/U0/core0/decode0/gprf0/a/ram_reg/CLKARDCLK is not reached by a timing clock
Related violations: <none>

TIMING-17#2 Warning
Non-clocked sequential cell  
The clock pin design_2_i/top_0/U0/core0/decode0/gprf0/a/ram_reg/CLKBWRCLK is not reached by a timing clock
Related violations: <none>

TIMING-17#3 Warning
Non-clocked sequential cell  
The clock pin design_2_i/top_0/U0/core0/decode0/gprf0/b/ram_reg/CLKARDCLK is not reached by a timing clock
Related violations: <none>

TIMING-17#4 Warning
Non-clocked sequential cell  
The clock pin design_2_i/top_0/U0/core0/decode0/gprf0/b/ram_reg/CLKBWRCLK is not reached by a timing clock
Related violations: <none>

TIMING-17#5 Warning
Non-clocked sequential cell  
The clock pin design_2_i/top_0/U0/core0/decode0/gprf0/d/ram_reg/CLKARDCLK is not reached by a timing clock
Related violations: <none>

TIMING-17#6 Warning
Non-clocked sequential cell  
The clock pin design_2_i/top_0/U0/core0/decode0/gprf0/d/ram_reg/CLKBWRCLK is not reached by a timing clock
Related violations: <none>

TIMING-17#7 Warning
Non-clocked sequential cell  
The clock pin design_2_i/top_0/U0/core0/decode0/r_reg[ctrl_ex][alu_op][0]/C is not reached by a timing clock
Related violations: <none>

TIMING-17#8 Warning
Non-clocked sequential cell  
The clock pin design_2_i/top_0/U0/core0/decode0/r_reg[ctrl_ex][alu_op][1]/C is not reached by a timing clock
Related violations: <none>

TIMING-17#9 Warning
Non-clocked sequential cell  
The clock pin design_2_i/top_0/U0/core0/decode0/r_reg[ctrl_ex][alu_op][2]/C is not reached by a timing clock
Related violations: <none>

TIMING-17#10 Warning
Non-clocked sequential cell  
The clock pin design_2_i/top_0/U0/core0/decode0/r_reg[ctrl_ex][alu_op][3]/C is not reached by a timing clock
Related violations: <none>

TIMING-17#11 Warning
Non-clocked sequential cell  
The clock pin design_2_i/top_0/U0/core0/decode0/r_reg[ctrl_ex][alu_src_a][0]/C is not reached by a timing clock
Related violations: <none>

TIMING-17#12 Warning
Non-clocked sequential cell  
The clock pin design_2_i/top_0/U0/core0/decode0/r_reg[ctrl_ex][alu_src_a][1]/C is not reached by a timing clock
Related violations: <none>

TIMING-17#13 Warning
Non-clocked sequential cell  
The clock pin design_2_i/top_0/U0/core0/decode0/r_reg[ctrl_ex][alu_src_b][0]/C is not reached by a timing clock
Related violations: <none>

TIMING-17#14 Warning
Non-clocked sequential cell  
The clock pin design_2_i/top_0/U0/core0/decode0/r_reg[ctrl_ex][alu_src_b][1]/C is not reached by a timing clock
Related violations: <none>

TIMING-17#15 Warning
Non-clocked sequential cell  
The clock pin design_2_i/top_0/U0/core0/decode0/r_reg[ctrl_ex][branch_cond][0]/C is not reached by a timing clock
Related violations: <none>

TIMING-17#16 Warning
Non-clocked sequential cell  
The clock pin design_2_i/top_0/U0/core0/decode0/r_reg[ctrl_ex][branch_cond][1]/C is not reached by a timing clock
Related violations: <none>

TIMING-17#17 Warning
Non-clocked sequential cell  
The clock pin design_2_i/top_0/U0/core0/decode0/r_reg[ctrl_ex][branch_cond][2]/C is not reached by a timing clock
Related violations: <none>

TIMING-17#18 Warning
Non-clocked sequential cell  
The clock pin design_2_i/top_0/U0/core0/decode0/r_reg[ctrl_ex][carry][0]/C is not reached by a timing clock
Related violations: <none>

TIMING-17#19 Warning
Non-clocked sequential cell  
The clock pin design_2_i/top_0/U0/core0/decode0/r_reg[ctrl_ex][carry][1]/C is not reached by a timing clock
Related violations: <none>

TIMING-17#20 Warning
Non-clocked sequential cell  
The clock pin design_2_i/top_0/U0/core0/decode0/r_reg[ctrl_ex][carry_keep]/C is not reached by a timing clock
Related violations: <none>

TIMING-17#21 Warning
Non-clocked sequential cell  
The clock pin design_2_i/top_0/U0/core0/decode0/r_reg[ctrl_ex][delay]/C is not reached by a timing clock
Related violations: <none>

TIMING-17#22 Warning
Non-clocked sequential cell  
The clock pin design_2_i/top_0/U0/core0/decode0/r_reg[ctrl_ex][operation]/C is not reached by a timing clock
Related violations: <none>

TIMING-17#23 Warning
Non-clocked sequential cell  
The clock pin design_2_i/top_0/U0/core0/decode0/r_reg[ctrl_mem][mem_read]/C is not reached by a timing clock
Related violations: <none>

TIMING-17#24 Warning
Non-clocked sequential cell  
The clock pin design_2_i/top_0/U0/core0/decode0/r_reg[ctrl_mem][mem_write]/C is not reached by a timing clock
Related violations: <none>

TIMING-17#25 Warning
Non-clocked sequential cell  
The clock pin design_2_i/top_0/U0/core0/decode0/r_reg[ctrl_mem][transfer_size][0]/C is not reached by a timing clock
Related violations: <none>

TIMING-17#26 Warning
Non-clocked sequential cell  
The clock pin design_2_i/top_0/U0/core0/decode0/r_reg[ctrl_mem][transfer_size][1]/C is not reached by a timing clock
Related violations: <none>

TIMING-17#27 Warning
Non-clocked sequential cell  
The clock pin design_2_i/top_0/U0/core0/decode0/r_reg[ctrl_wrb][reg_d][0]/C is not reached by a timing clock
Related violations: <none>

TIMING-17#28 Warning
Non-clocked sequential cell  
The clock pin design_2_i/top_0/U0/core0/decode0/r_reg[ctrl_wrb][reg_d][1]/C is not reached by a timing clock
Related violations: <none>

TIMING-17#29 Warning
Non-clocked sequential cell  
The clock pin design_2_i/top_0/U0/core0/decode0/r_reg[ctrl_wrb][reg_d][2]/C is not reached by a timing clock
Related violations: <none>

TIMING-17#30 Warning
Non-clocked sequential cell  
The clock pin design_2_i/top_0/U0/core0/decode0/r_reg[ctrl_wrb][reg_d][3]/C is not reached by a timing clock
Related violations: <none>

TIMING-17#31 Warning
Non-clocked sequential cell  
The clock pin design_2_i/top_0/U0/core0/decode0/r_reg[ctrl_wrb][reg_d][4]/C is not reached by a timing clock
Related violations: <none>

TIMING-17#32 Warning
Non-clocked sequential cell  
The clock pin design_2_i/top_0/U0/core0/decode0/r_reg[ctrl_wrb][reg_write]/C is not reached by a timing clock
Related violations: <none>

TIMING-17#33 Warning
Non-clocked sequential cell  
The clock pin design_2_i/top_0/U0/core0/decode0/r_reg[fwd_dec][reg_d][0]/C is not reached by a timing clock
Related violations: <none>

TIMING-17#34 Warning
Non-clocked sequential cell  
The clock pin design_2_i/top_0/U0/core0/decode0/r_reg[fwd_dec][reg_d][1]/C is not reached by a timing clock
Related violations: <none>

TIMING-17#35 Warning
Non-clocked sequential cell  
The clock pin design_2_i/top_0/U0/core0/decode0/r_reg[fwd_dec][reg_d][2]/C is not reached by a timing clock
Related violations: <none>

TIMING-17#36 Warning
Non-clocked sequential cell  
The clock pin design_2_i/top_0/U0/core0/decode0/r_reg[fwd_dec][reg_d][3]/C is not reached by a timing clock
Related violations: <none>

TIMING-17#37 Warning
Non-clocked sequential cell  
The clock pin design_2_i/top_0/U0/core0/decode0/r_reg[fwd_dec][reg_d][4]/C is not reached by a timing clock
Related violations: <none>

TIMING-17#38 Warning
Non-clocked sequential cell  
The clock pin design_2_i/top_0/U0/core0/decode0/r_reg[fwd_dec][reg_write]/C is not reached by a timing clock
Related violations: <none>

TIMING-17#39 Warning
Non-clocked sequential cell  
The clock pin design_2_i/top_0/U0/core0/decode0/r_reg[fwd_dec_result][0]/C is not reached by a timing clock
Related violations: <none>

TIMING-17#40 Warning
Non-clocked sequential cell  
The clock pin design_2_i/top_0/U0/core0/decode0/r_reg[fwd_dec_result][10]/C is not reached by a timing clock
Related violations: <none>

TIMING-17#41 Warning
Non-clocked sequential cell  
The clock pin design_2_i/top_0/U0/core0/decode0/r_reg[fwd_dec_result][11]/C is not reached by a timing clock
Related violations: <none>

TIMING-17#42 Warning
Non-clocked sequential cell  
The clock pin design_2_i/top_0/U0/core0/decode0/r_reg[fwd_dec_result][12]/C is not reached by a timing clock
Related violations: <none>

TIMING-17#43 Warning
Non-clocked sequential cell  
The clock pin design_2_i/top_0/U0/core0/decode0/r_reg[fwd_dec_result][13]/C is not reached by a timing clock
Related violations: <none>

TIMING-17#44 Warning
Non-clocked sequential cell  
The clock pin design_2_i/top_0/U0/core0/decode0/r_reg[fwd_dec_result][14]/C is not reached by a timing clock
Related violations: <none>

TIMING-17#45 Warning
Non-clocked sequential cell  
The clock pin design_2_i/top_0/U0/core0/decode0/r_reg[fwd_dec_result][15]/C is not reached by a timing clock
Related violations: <none>

TIMING-17#46 Warning
Non-clocked sequential cell  
The clock pin design_2_i/top_0/U0/core0/decode0/r_reg[fwd_dec_result][16]/C is not reached by a timing clock
Related violations: <none>

TIMING-17#47 Warning
Non-clocked sequential cell  
The clock pin design_2_i/top_0/U0/core0/decode0/r_reg[fwd_dec_result][17]/C is not reached by a timing clock
Related violations: <none>

TIMING-17#48 Warning
Non-clocked sequential cell  
The clock pin design_2_i/top_0/U0/core0/decode0/r_reg[fwd_dec_result][18]/C is not reached by a timing clock
Related violations: <none>

TIMING-17#49 Warning
Non-clocked sequential cell  
The clock pin design_2_i/top_0/U0/core0/decode0/r_reg[fwd_dec_result][19]/C is not reached by a timing clock
Related violations: <none>

TIMING-17#50 Warning
Non-clocked sequential cell  
The clock pin design_2_i/top_0/U0/core0/decode0/r_reg[fwd_dec_result][1]/C is not reached by a timing clock
Related violations: <none>

TIMING-17#51 Warning
Non-clocked sequential cell  
The clock pin design_2_i/top_0/U0/core0/decode0/r_reg[fwd_dec_result][20]/C is not reached by a timing clock
Related violations: <none>

TIMING-17#52 Warning
Non-clocked sequential cell  
The clock pin design_2_i/top_0/U0/core0/decode0/r_reg[fwd_dec_result][21]/C is not reached by a timing clock
Related violations: <none>

TIMING-17#53 Warning
Non-clocked sequential cell  
The clock pin design_2_i/top_0/U0/core0/decode0/r_reg[fwd_dec_result][22]/C is not reached by a timing clock
Related violations: <none>

TIMING-17#54 Warning
Non-clocked sequential cell  
The clock pin design_2_i/top_0/U0/core0/decode0/r_reg[fwd_dec_result][23]/C is not reached by a timing clock
Related violations: <none>

TIMING-17#55 Warning
Non-clocked sequential cell  
The clock pin design_2_i/top_0/U0/core0/decode0/r_reg[fwd_dec_result][24]/C is not reached by a timing clock
Related violations: <none>

TIMING-17#56 Warning
Non-clocked sequential cell  
The clock pin design_2_i/top_0/U0/core0/decode0/r_reg[fwd_dec_result][25]/C is not reached by a timing clock
Related violations: <none>

TIMING-17#57 Warning
Non-clocked sequential cell  
The clock pin design_2_i/top_0/U0/core0/decode0/r_reg[fwd_dec_result][26]/C is not reached by a timing clock
Related violations: <none>

TIMING-17#58 Warning
Non-clocked sequential cell  
The clock pin design_2_i/top_0/U0/core0/decode0/r_reg[fwd_dec_result][27]/C is not reached by a timing clock
Related violations: <none>

TIMING-17#59 Warning
Non-clocked sequential cell  
The clock pin design_2_i/top_0/U0/core0/decode0/r_reg[fwd_dec_result][28]/C is not reached by a timing clock
Related violations: <none>

TIMING-17#60 Warning
Non-clocked sequential cell  
The clock pin design_2_i/top_0/U0/core0/decode0/r_reg[fwd_dec_result][29]/C is not reached by a timing clock
Related violations: <none>

TIMING-17#61 Warning
Non-clocked sequential cell  
The clock pin design_2_i/top_0/U0/core0/decode0/r_reg[fwd_dec_result][2]/C is not reached by a timing clock
Related violations: <none>

TIMING-17#62 Warning
Non-clocked sequential cell  
The clock pin design_2_i/top_0/U0/core0/decode0/r_reg[fwd_dec_result][30]/C is not reached by a timing clock
Related violations: <none>

TIMING-17#63 Warning
Non-clocked sequential cell  
The clock pin design_2_i/top_0/U0/core0/decode0/r_reg[fwd_dec_result][31]/C is not reached by a timing clock
Related violations: <none>

TIMING-17#64 Warning
Non-clocked sequential cell  
The clock pin design_2_i/top_0/U0/core0/decode0/r_reg[fwd_dec_result][3]/C is not reached by a timing clock
Related violations: <none>

TIMING-17#65 Warning
Non-clocked sequential cell  
The clock pin design_2_i/top_0/U0/core0/decode0/r_reg[fwd_dec_result][4]/C is not reached by a timing clock
Related violations: <none>

TIMING-17#66 Warning
Non-clocked sequential cell  
The clock pin design_2_i/top_0/U0/core0/decode0/r_reg[fwd_dec_result][5]/C is not reached by a timing clock
Related violations: <none>

TIMING-17#67 Warning
Non-clocked sequential cell  
The clock pin design_2_i/top_0/U0/core0/decode0/r_reg[fwd_dec_result][6]/C is not reached by a timing clock
Related violations: <none>

TIMING-17#68 Warning
Non-clocked sequential cell  
The clock pin design_2_i/top_0/U0/core0/decode0/r_reg[fwd_dec_result][7]/C is not reached by a timing clock
Related violations: <none>

TIMING-17#69 Warning
Non-clocked sequential cell  
The clock pin design_2_i/top_0/U0/core0/decode0/r_reg[fwd_dec_result][8]/C is not reached by a timing clock
Related violations: <none>

TIMING-17#70 Warning
Non-clocked sequential cell  
The clock pin design_2_i/top_0/U0/core0/decode0/r_reg[fwd_dec_result][9]/C is not reached by a timing clock
Related violations: <none>

TIMING-17#71 Warning
Non-clocked sequential cell  
The clock pin design_2_i/top_0/U0/core0/decode0/r_reg[hazard]/C is not reached by a timing clock
Related violations: <none>

TIMING-17#72 Warning
Non-clocked sequential cell  
The clock pin design_2_i/top_0/U0/core0/decode0/r_reg[imm][0]/C is not reached by a timing clock
Related violations: <none>

TIMING-17#73 Warning
Non-clocked sequential cell  
The clock pin design_2_i/top_0/U0/core0/decode0/r_reg[imm][10]/C is not reached by a timing clock
Related violations: <none>

TIMING-17#74 Warning
Non-clocked sequential cell  
The clock pin design_2_i/top_0/U0/core0/decode0/r_reg[imm][11]/C is not reached by a timing clock
Related violations: <none>

TIMING-17#75 Warning
Non-clocked sequential cell  
The clock pin design_2_i/top_0/U0/core0/decode0/r_reg[imm][12]/C is not reached by a timing clock
Related violations: <none>

TIMING-17#76 Warning
Non-clocked sequential cell  
The clock pin design_2_i/top_0/U0/core0/decode0/r_reg[imm][13]/C is not reached by a timing clock
Related violations: <none>

TIMING-17#77 Warning
Non-clocked sequential cell  
The clock pin design_2_i/top_0/U0/core0/decode0/r_reg[imm][14]/C is not reached by a timing clock
Related violations: <none>

TIMING-17#78 Warning
Non-clocked sequential cell  
The clock pin design_2_i/top_0/U0/core0/decode0/r_reg[imm][15]/C is not reached by a timing clock
Related violations: <none>

TIMING-17#79 Warning
Non-clocked sequential cell  
The clock pin design_2_i/top_0/U0/core0/decode0/r_reg[imm][16]/C is not reached by a timing clock
Related violations: <none>

TIMING-17#80 Warning
Non-clocked sequential cell  
The clock pin design_2_i/top_0/U0/core0/decode0/r_reg[imm][17]/C is not reached by a timing clock
Related violations: <none>

TIMING-17#81 Warning
Non-clocked sequential cell  
The clock pin design_2_i/top_0/U0/core0/decode0/r_reg[imm][18]/C is not reached by a timing clock
Related violations: <none>

TIMING-17#82 Warning
Non-clocked sequential cell  
The clock pin design_2_i/top_0/U0/core0/decode0/r_reg[imm][19]/C is not reached by a timing clock
Related violations: <none>

TIMING-17#83 Warning
Non-clocked sequential cell  
The clock pin design_2_i/top_0/U0/core0/decode0/r_reg[imm][1]/C is not reached by a timing clock
Related violations: <none>

TIMING-17#84 Warning
Non-clocked sequential cell  
The clock pin design_2_i/top_0/U0/core0/decode0/r_reg[imm][20]/C is not reached by a timing clock
Related violations: <none>

TIMING-17#85 Warning
Non-clocked sequential cell  
The clock pin design_2_i/top_0/U0/core0/decode0/r_reg[imm][21]/C is not reached by a timing clock
Related violations: <none>

TIMING-17#86 Warning
Non-clocked sequential cell  
The clock pin design_2_i/top_0/U0/core0/decode0/r_reg[imm][22]/C is not reached by a timing clock
Related violations: <none>

TIMING-17#87 Warning
Non-clocked sequential cell  
The clock pin design_2_i/top_0/U0/core0/decode0/r_reg[imm][23]/C is not reached by a timing clock
Related violations: <none>

TIMING-17#88 Warning
Non-clocked sequential cell  
The clock pin design_2_i/top_0/U0/core0/decode0/r_reg[imm][24]/C is not reached by a timing clock
Related violations: <none>

TIMING-17#89 Warning
Non-clocked sequential cell  
The clock pin design_2_i/top_0/U0/core0/decode0/r_reg[imm][25]/C is not reached by a timing clock
Related violations: <none>

TIMING-17#90 Warning
Non-clocked sequential cell  
The clock pin design_2_i/top_0/U0/core0/decode0/r_reg[imm][26]/C is not reached by a timing clock
Related violations: <none>

TIMING-17#91 Warning
Non-clocked sequential cell  
The clock pin design_2_i/top_0/U0/core0/decode0/r_reg[imm][27]/C is not reached by a timing clock
Related violations: <none>

TIMING-17#92 Warning
Non-clocked sequential cell  
The clock pin design_2_i/top_0/U0/core0/decode0/r_reg[imm][28]/C is not reached by a timing clock
Related violations: <none>

TIMING-17#93 Warning
Non-clocked sequential cell  
The clock pin design_2_i/top_0/U0/core0/decode0/r_reg[imm][29]/C is not reached by a timing clock
Related violations: <none>

TIMING-17#94 Warning
Non-clocked sequential cell  
The clock pin design_2_i/top_0/U0/core0/decode0/r_reg[imm][2]/C is not reached by a timing clock
Related violations: <none>

TIMING-17#95 Warning
Non-clocked sequential cell  
The clock pin design_2_i/top_0/U0/core0/decode0/r_reg[imm][30]/C is not reached by a timing clock
Related violations: <none>

TIMING-17#96 Warning
Non-clocked sequential cell  
The clock pin design_2_i/top_0/U0/core0/decode0/r_reg[imm][31]/C is not reached by a timing clock
Related violations: <none>

TIMING-17#97 Warning
Non-clocked sequential cell  
The clock pin design_2_i/top_0/U0/core0/decode0/r_reg[imm][3]/C is not reached by a timing clock
Related violations: <none>

TIMING-17#98 Warning
Non-clocked sequential cell  
The clock pin design_2_i/top_0/U0/core0/decode0/r_reg[imm][4]/C is not reached by a timing clock
Related violations: <none>

TIMING-17#99 Warning
Non-clocked sequential cell  
The clock pin design_2_i/top_0/U0/core0/decode0/r_reg[imm][5]/C is not reached by a timing clock
Related violations: <none>

TIMING-17#100 Warning
Non-clocked sequential cell  
The clock pin design_2_i/top_0/U0/core0/decode0/r_reg[imm][6]/C is not reached by a timing clock
Related violations: <none>

TIMING-17#101 Warning
Non-clocked sequential cell  
The clock pin design_2_i/top_0/U0/core0/decode0/r_reg[imm][7]/C is not reached by a timing clock
Related violations: <none>

TIMING-17#102 Warning
Non-clocked sequential cell  
The clock pin design_2_i/top_0/U0/core0/decode0/r_reg[imm][8]/C is not reached by a timing clock
Related violations: <none>

TIMING-17#103 Warning
Non-clocked sequential cell  
The clock pin design_2_i/top_0/U0/core0/decode0/r_reg[imm][9]/C is not reached by a timing clock
Related violations: <none>

TIMING-17#104 Warning
Non-clocked sequential cell  
The clock pin design_2_i/top_0/U0/core0/decode0/r_reg[program_counter][0]/C is not reached by a timing clock
Related violations: <none>

TIMING-17#105 Warning
Non-clocked sequential cell  
The clock pin design_2_i/top_0/U0/core0/decode0/r_reg[program_counter][10]/C is not reached by a timing clock
Related violations: <none>

TIMING-17#106 Warning
Non-clocked sequential cell  
The clock pin design_2_i/top_0/U0/core0/decode0/r_reg[program_counter][11]/C is not reached by a timing clock
Related violations: <none>

TIMING-17#107 Warning
Non-clocked sequential cell  
The clock pin design_2_i/top_0/U0/core0/decode0/r_reg[program_counter][12]/C is not reached by a timing clock
Related violations: <none>

TIMING-17#108 Warning
Non-clocked sequential cell  
The clock pin design_2_i/top_0/U0/core0/decode0/r_reg[program_counter][13]/C is not reached by a timing clock
Related violations: <none>

TIMING-17#109 Warning
Non-clocked sequential cell  
The clock pin design_2_i/top_0/U0/core0/decode0/r_reg[program_counter][14]/C is not reached by a timing clock
Related violations: <none>

TIMING-17#110 Warning
Non-clocked sequential cell  
The clock pin design_2_i/top_0/U0/core0/decode0/r_reg[program_counter][15]/C is not reached by a timing clock
Related violations: <none>

TIMING-17#111 Warning
Non-clocked sequential cell  
The clock pin design_2_i/top_0/U0/core0/decode0/r_reg[program_counter][1]/C is not reached by a timing clock
Related violations: <none>

TIMING-17#112 Warning
Non-clocked sequential cell  
The clock pin design_2_i/top_0/U0/core0/decode0/r_reg[program_counter][2]/C is not reached by a timing clock
Related violations: <none>

TIMING-17#113 Warning
Non-clocked sequential cell  
The clock pin design_2_i/top_0/U0/core0/decode0/r_reg[program_counter][3]/C is not reached by a timing clock
Related violations: <none>

TIMING-17#114 Warning
Non-clocked sequential cell  
The clock pin design_2_i/top_0/U0/core0/decode0/r_reg[program_counter][4]/C is not reached by a timing clock
Related violations: <none>

TIMING-17#115 Warning
Non-clocked sequential cell  
The clock pin design_2_i/top_0/U0/core0/decode0/r_reg[program_counter][5]/C is not reached by a timing clock
Related violations: <none>

TIMING-17#116 Warning
Non-clocked sequential cell  
The clock pin design_2_i/top_0/U0/core0/decode0/r_reg[program_counter][6]/C is not reached by a timing clock
Related violations: <none>

TIMING-17#117 Warning
Non-clocked sequential cell  
The clock pin design_2_i/top_0/U0/core0/decode0/r_reg[program_counter][7]/C is not reached by a timing clock
Related violations: <none>

TIMING-17#118 Warning
Non-clocked sequential cell  
The clock pin design_2_i/top_0/U0/core0/decode0/r_reg[program_counter][8]/C is not reached by a timing clock
Related violations: <none>

TIMING-17#119 Warning
Non-clocked sequential cell  
The clock pin design_2_i/top_0/U0/core0/decode0/r_reg[program_counter][9]/C is not reached by a timing clock
Related violations: <none>

TIMING-17#120 Warning
Non-clocked sequential cell  
The clock pin design_2_i/top_0/U0/core0/decode0/r_reg[reg_a][0]/C is not reached by a timing clock
Related violations: <none>

TIMING-17#121 Warning
Non-clocked sequential cell  
The clock pin design_2_i/top_0/U0/core0/decode0/r_reg[reg_a][1]/C is not reached by a timing clock
Related violations: <none>

TIMING-17#122 Warning
Non-clocked sequential cell  
The clock pin design_2_i/top_0/U0/core0/decode0/r_reg[reg_a][2]/C is not reached by a timing clock
Related violations: <none>

TIMING-17#123 Warning
Non-clocked sequential cell  
The clock pin design_2_i/top_0/U0/core0/decode0/r_reg[reg_a][3]/C is not reached by a timing clock
Related violations: <none>

TIMING-17#124 Warning
Non-clocked sequential cell  
The clock pin design_2_i/top_0/U0/core0/decode0/r_reg[reg_a][4]/C is not reached by a timing clock
Related violations: <none>

TIMING-17#125 Warning
Non-clocked sequential cell  
The clock pin design_2_i/top_0/U0/core0/decode0/r_reg[reg_b][0]/C is not reached by a timing clock
Related violations: <none>

TIMING-17#126 Warning
Non-clocked sequential cell  
The clock pin design_2_i/top_0/U0/core0/decode0/r_reg[reg_b][1]/C is not reached by a timing clock
Related violations: <none>

TIMING-17#127 Warning
Non-clocked sequential cell  
The clock pin design_2_i/top_0/U0/core0/decode0/r_reg[reg_b][2]/C is not reached by a timing clock
Related violations: <none>

TIMING-17#128 Warning
Non-clocked sequential cell  
The clock pin design_2_i/top_0/U0/core0/decode0/r_reg[reg_b][3]/C is not reached by a timing clock
Related violations: <none>

TIMING-17#129 Warning
Non-clocked sequential cell  
The clock pin design_2_i/top_0/U0/core0/decode0/r_reg[reg_b][4]/C is not reached by a timing clock
Related violations: <none>

TIMING-17#130 Warning
Non-clocked sequential cell  
The clock pin design_2_i/top_0/U0/core0/decode0/reg_reg[delay_interrupt]/C is not reached by a timing clock
Related violations: <none>

TIMING-17#131 Warning
Non-clocked sequential cell  
The clock pin design_2_i/top_0/U0/core0/decode0/reg_reg[immediate][0]/C is not reached by a timing clock
Related violations: <none>

TIMING-17#132 Warning
Non-clocked sequential cell  
The clock pin design_2_i/top_0/U0/core0/decode0/reg_reg[immediate][10]/C is not reached by a timing clock
Related violations: <none>

TIMING-17#133 Warning
Non-clocked sequential cell  
The clock pin design_2_i/top_0/U0/core0/decode0/reg_reg[immediate][11]/C is not reached by a timing clock
Related violations: <none>

TIMING-17#134 Warning
Non-clocked sequential cell  
The clock pin design_2_i/top_0/U0/core0/decode0/reg_reg[immediate][12]/C is not reached by a timing clock
Related violations: <none>

TIMING-17#135 Warning
Non-clocked sequential cell  
The clock pin design_2_i/top_0/U0/core0/decode0/reg_reg[immediate][13]/C is not reached by a timing clock
Related violations: <none>

TIMING-17#136 Warning
Non-clocked sequential cell  
The clock pin design_2_i/top_0/U0/core0/decode0/reg_reg[immediate][14]/C is not reached by a timing clock
Related violations: <none>

TIMING-17#137 Warning
Non-clocked sequential cell  
The clock pin design_2_i/top_0/U0/core0/decode0/reg_reg[immediate][15]/C is not reached by a timing clock
Related violations: <none>

TIMING-17#138 Warning
Non-clocked sequential cell  
The clock pin design_2_i/top_0/U0/core0/decode0/reg_reg[immediate][1]/C is not reached by a timing clock
Related violations: <none>

TIMING-17#139 Warning
Non-clocked sequential cell  
The clock pin design_2_i/top_0/U0/core0/decode0/reg_reg[immediate][2]/C is not reached by a timing clock
Related violations: <none>

TIMING-17#140 Warning
Non-clocked sequential cell  
The clock pin design_2_i/top_0/U0/core0/decode0/reg_reg[immediate][3]/C is not reached by a timing clock
Related violations: <none>

TIMING-17#141 Warning
Non-clocked sequential cell  
The clock pin design_2_i/top_0/U0/core0/decode0/reg_reg[immediate][4]/C is not reached by a timing clock
Related violations: <none>

TIMING-17#142 Warning
Non-clocked sequential cell  
The clock pin design_2_i/top_0/U0/core0/decode0/reg_reg[immediate][5]/C is not reached by a timing clock
Related violations: <none>

TIMING-17#143 Warning
Non-clocked sequential cell  
The clock pin design_2_i/top_0/U0/core0/decode0/reg_reg[immediate][6]/C is not reached by a timing clock
Related violations: <none>

TIMING-17#144 Warning
Non-clocked sequential cell  
The clock pin design_2_i/top_0/U0/core0/decode0/reg_reg[immediate][7]/C is not reached by a timing clock
Related violations: <none>

TIMING-17#145 Warning
Non-clocked sequential cell  
The clock pin design_2_i/top_0/U0/core0/decode0/reg_reg[immediate][8]/C is not reached by a timing clock
Related violations: <none>

TIMING-17#146 Warning
Non-clocked sequential cell  
The clock pin design_2_i/top_0/U0/core0/decode0/reg_reg[immediate][9]/C is not reached by a timing clock
Related violations: <none>

TIMING-17#147 Warning
Non-clocked sequential cell  
The clock pin design_2_i/top_0/U0/core0/decode0/reg_reg[instruction][0]/C is not reached by a timing clock
Related violations: <none>

TIMING-17#148 Warning
Non-clocked sequential cell  
The clock pin design_2_i/top_0/U0/core0/decode0/reg_reg[instruction][10]/C is not reached by a timing clock
Related violations: <none>

TIMING-17#149 Warning
Non-clocked sequential cell  
The clock pin design_2_i/top_0/U0/core0/decode0/reg_reg[instruction][11]/C is not reached by a timing clock
Related violations: <none>

TIMING-17#150 Warning
Non-clocked sequential cell  
The clock pin design_2_i/top_0/U0/core0/decode0/reg_reg[instruction][12]/C is not reached by a timing clock
Related violations: <none>

TIMING-17#151 Warning
Non-clocked sequential cell  
The clock pin design_2_i/top_0/U0/core0/decode0/reg_reg[instruction][13]/C is not reached by a timing clock
Related violations: <none>

TIMING-17#152 Warning
Non-clocked sequential cell  
The clock pin design_2_i/top_0/U0/core0/decode0/reg_reg[instruction][14]/C is not reached by a timing clock
Related violations: <none>

TIMING-17#153 Warning
Non-clocked sequential cell  
The clock pin design_2_i/top_0/U0/core0/decode0/reg_reg[instruction][15]/C is not reached by a timing clock
Related violations: <none>

TIMING-17#154 Warning
Non-clocked sequential cell  
The clock pin design_2_i/top_0/U0/core0/decode0/reg_reg[instruction][16]/C is not reached by a timing clock
Related violations: <none>

TIMING-17#155 Warning
Non-clocked sequential cell  
The clock pin design_2_i/top_0/U0/core0/decode0/reg_reg[instruction][17]/C is not reached by a timing clock
Related violations: <none>

TIMING-17#156 Warning
Non-clocked sequential cell  
The clock pin design_2_i/top_0/U0/core0/decode0/reg_reg[instruction][18]/C is not reached by a timing clock
Related violations: <none>

TIMING-17#157 Warning
Non-clocked sequential cell  
The clock pin design_2_i/top_0/U0/core0/decode0/reg_reg[instruction][19]/C is not reached by a timing clock
Related violations: <none>

TIMING-17#158 Warning
Non-clocked sequential cell  
The clock pin design_2_i/top_0/U0/core0/decode0/reg_reg[instruction][1]/C is not reached by a timing clock
Related violations: <none>

TIMING-17#159 Warning
Non-clocked sequential cell  
The clock pin design_2_i/top_0/U0/core0/decode0/reg_reg[instruction][20]/C is not reached by a timing clock
Related violations: <none>

TIMING-17#160 Warning
Non-clocked sequential cell  
The clock pin design_2_i/top_0/U0/core0/decode0/reg_reg[instruction][21]/C is not reached by a timing clock
Related violations: <none>

TIMING-17#161 Warning
Non-clocked sequential cell  
The clock pin design_2_i/top_0/U0/core0/decode0/reg_reg[instruction][22]/C is not reached by a timing clock
Related violations: <none>

TIMING-17#162 Warning
Non-clocked sequential cell  
The clock pin design_2_i/top_0/U0/core0/decode0/reg_reg[instruction][23]/C is not reached by a timing clock
Related violations: <none>

TIMING-17#163 Warning
Non-clocked sequential cell  
The clock pin design_2_i/top_0/U0/core0/decode0/reg_reg[instruction][24]/C is not reached by a timing clock
Related violations: <none>

TIMING-17#164 Warning
Non-clocked sequential cell  
The clock pin design_2_i/top_0/U0/core0/decode0/reg_reg[instruction][25]/C is not reached by a timing clock
Related violations: <none>

TIMING-17#165 Warning
Non-clocked sequential cell  
The clock pin design_2_i/top_0/U0/core0/decode0/reg_reg[instruction][26]/C is not reached by a timing clock
Related violations: <none>

TIMING-17#166 Warning
Non-clocked sequential cell  
The clock pin design_2_i/top_0/U0/core0/decode0/reg_reg[instruction][27]/C is not reached by a timing clock
Related violations: <none>

TIMING-17#167 Warning
Non-clocked sequential cell  
The clock pin design_2_i/top_0/U0/core0/decode0/reg_reg[instruction][28]/C is not reached by a timing clock
Related violations: <none>

TIMING-17#168 Warning
Non-clocked sequential cell  
The clock pin design_2_i/top_0/U0/core0/decode0/reg_reg[instruction][29]/C is not reached by a timing clock
Related violations: <none>

TIMING-17#169 Warning
Non-clocked sequential cell  
The clock pin design_2_i/top_0/U0/core0/decode0/reg_reg[instruction][2]/C is not reached by a timing clock
Related violations: <none>

TIMING-17#170 Warning
Non-clocked sequential cell  
The clock pin design_2_i/top_0/U0/core0/decode0/reg_reg[instruction][30]/C is not reached by a timing clock
Related violations: <none>

TIMING-17#171 Warning
Non-clocked sequential cell  
The clock pin design_2_i/top_0/U0/core0/decode0/reg_reg[instruction][31]/C is not reached by a timing clock
Related violations: <none>

TIMING-17#172 Warning
Non-clocked sequential cell  
The clock pin design_2_i/top_0/U0/core0/decode0/reg_reg[instruction][3]/C is not reached by a timing clock
Related violations: <none>

TIMING-17#173 Warning
Non-clocked sequential cell  
The clock pin design_2_i/top_0/U0/core0/decode0/reg_reg[instruction][4]/C is not reached by a timing clock
Related violations: <none>

TIMING-17#174 Warning
Non-clocked sequential cell  
The clock pin design_2_i/top_0/U0/core0/decode0/reg_reg[instruction][5]/C is not reached by a timing clock
Related violations: <none>

TIMING-17#175 Warning
Non-clocked sequential cell  
The clock pin design_2_i/top_0/U0/core0/decode0/reg_reg[instruction][6]/C is not reached by a timing clock
Related violations: <none>

TIMING-17#176 Warning
Non-clocked sequential cell  
The clock pin design_2_i/top_0/U0/core0/decode0/reg_reg[instruction][7]/C is not reached by a timing clock
Related violations: <none>

TIMING-17#177 Warning
Non-clocked sequential cell  
The clock pin design_2_i/top_0/U0/core0/decode0/reg_reg[instruction][8]/C is not reached by a timing clock
Related violations: <none>

TIMING-17#178 Warning
Non-clocked sequential cell  
The clock pin design_2_i/top_0/U0/core0/decode0/reg_reg[instruction][9]/C is not reached by a timing clock
Related violations: <none>

TIMING-17#179 Warning
Non-clocked sequential cell  
The clock pin design_2_i/top_0/U0/core0/decode0/reg_reg[interrupt]/C is not reached by a timing clock
Related violations: <none>

TIMING-17#180 Warning
Non-clocked sequential cell  
The clock pin design_2_i/top_0/U0/core0/decode0/reg_reg[is_immediate]/C is not reached by a timing clock
Related violations: <none>

TIMING-17#181 Warning
Non-clocked sequential cell  
The clock pin design_2_i/top_0/U0/core0/decode0/reg_reg[msr_interrupt_enable]/C is not reached by a timing clock
Related violations: <none>

TIMING-17#182 Warning
Non-clocked sequential cell  
The clock pin design_2_i/top_0/U0/core0/decode0/reg_reg[program_counter][0]/C is not reached by a timing clock
Related violations: <none>

TIMING-17#183 Warning
Non-clocked sequential cell  
The clock pin design_2_i/top_0/U0/core0/decode0/reg_reg[program_counter][10]/C is not reached by a timing clock
Related violations: <none>

TIMING-17#184 Warning
Non-clocked sequential cell  
The clock pin design_2_i/top_0/U0/core0/decode0/reg_reg[program_counter][11]/C is not reached by a timing clock
Related violations: <none>

TIMING-17#185 Warning
Non-clocked sequential cell  
The clock pin design_2_i/top_0/U0/core0/decode0/reg_reg[program_counter][12]/C is not reached by a timing clock
Related violations: <none>

TIMING-17#186 Warning
Non-clocked sequential cell  
The clock pin design_2_i/top_0/U0/core0/decode0/reg_reg[program_counter][13]/C is not reached by a timing clock
Related violations: <none>

TIMING-17#187 Warning
Non-clocked sequential cell  
The clock pin design_2_i/top_0/U0/core0/decode0/reg_reg[program_counter][14]/C is not reached by a timing clock
Related violations: <none>

TIMING-17#188 Warning
Non-clocked sequential cell  
The clock pin design_2_i/top_0/U0/core0/decode0/reg_reg[program_counter][15]/C is not reached by a timing clock
Related violations: <none>

TIMING-17#189 Warning
Non-clocked sequential cell  
The clock pin design_2_i/top_0/U0/core0/decode0/reg_reg[program_counter][1]/C is not reached by a timing clock
Related violations: <none>

TIMING-17#190 Warning
Non-clocked sequential cell  
The clock pin design_2_i/top_0/U0/core0/decode0/reg_reg[program_counter][2]/C is not reached by a timing clock
Related violations: <none>

TIMING-17#191 Warning
Non-clocked sequential cell  
The clock pin design_2_i/top_0/U0/core0/decode0/reg_reg[program_counter][3]/C is not reached by a timing clock
Related violations: <none>

TIMING-17#192 Warning
Non-clocked sequential cell  
The clock pin design_2_i/top_0/U0/core0/decode0/reg_reg[program_counter][4]/C is not reached by a timing clock
Related violations: <none>

TIMING-17#193 Warning
Non-clocked sequential cell  
The clock pin design_2_i/top_0/U0/core0/decode0/reg_reg[program_counter][5]/C is not reached by a timing clock
Related violations: <none>

TIMING-17#194 Warning
Non-clocked sequential cell  
The clock pin design_2_i/top_0/U0/core0/decode0/reg_reg[program_counter][6]/C is not reached by a timing clock
Related violations: <none>

TIMING-17#195 Warning
Non-clocked sequential cell  
The clock pin design_2_i/top_0/U0/core0/decode0/reg_reg[program_counter][7]/C is not reached by a timing clock
Related violations: <none>

TIMING-17#196 Warning
Non-clocked sequential cell  
The clock pin design_2_i/top_0/U0/core0/decode0/reg_reg[program_counter][8]/C is not reached by a timing clock
Related violations: <none>

TIMING-17#197 Warning
Non-clocked sequential cell  
The clock pin design_2_i/top_0/U0/core0/decode0/reg_reg[program_counter][9]/C is not reached by a timing clock
Related violations: <none>

TIMING-17#198 Warning
Non-clocked sequential cell  
The clock pin design_2_i/top_0/U0/core0/execute0/r_reg[alu_result][0]/C is not reached by a timing clock
Related violations: <none>

TIMING-17#199 Warning
Non-clocked sequential cell  
The clock pin design_2_i/top_0/U0/core0/execute0/r_reg[alu_result][10]/C is not reached by a timing clock
Related violations: <none>

TIMING-17#200 Warning
Non-clocked sequential cell  
The clock pin design_2_i/top_0/U0/core0/execute0/r_reg[alu_result][11]/C is not reached by a timing clock
Related violations: <none>

TIMING-17#201 Warning
Non-clocked sequential cell  
The clock pin design_2_i/top_0/U0/core0/execute0/r_reg[alu_result][12]/C is not reached by a timing clock
Related violations: <none>

TIMING-17#202 Warning
Non-clocked sequential cell  
The clock pin design_2_i/top_0/U0/core0/execute0/r_reg[alu_result][13]/C is not reached by a timing clock
Related violations: <none>

TIMING-17#203 Warning
Non-clocked sequential cell  
The clock pin design_2_i/top_0/U0/core0/execute0/r_reg[alu_result][14]/C is not reached by a timing clock
Related violations: <none>

TIMING-17#204 Warning
Non-clocked sequential cell  
The clock pin design_2_i/top_0/U0/core0/execute0/r_reg[alu_result][15]/C is not reached by a timing clock
Related violations: <none>

TIMING-17#205 Warning
Non-clocked sequential cell  
The clock pin design_2_i/top_0/U0/core0/execute0/r_reg[alu_result][16]/C is not reached by a timing clock
Related violations: <none>

TIMING-17#206 Warning
Non-clocked sequential cell  
The clock pin design_2_i/top_0/U0/core0/execute0/r_reg[alu_result][17]/C is not reached by a timing clock
Related violations: <none>

TIMING-17#207 Warning
Non-clocked sequential cell  
The clock pin design_2_i/top_0/U0/core0/execute0/r_reg[alu_result][18]/C is not reached by a timing clock
Related violations: <none>

TIMING-17#208 Warning
Non-clocked sequential cell  
The clock pin design_2_i/top_0/U0/core0/execute0/r_reg[alu_result][19]/C is not reached by a timing clock
Related violations: <none>

TIMING-17#209 Warning
Non-clocked sequential cell  
The clock pin design_2_i/top_0/U0/core0/execute0/r_reg[alu_result][1]/C is not reached by a timing clock
Related violations: <none>

TIMING-17#210 Warning
Non-clocked sequential cell  
The clock pin design_2_i/top_0/U0/core0/execute0/r_reg[alu_result][20]/C is not reached by a timing clock
Related violations: <none>

TIMING-17#211 Warning
Non-clocked sequential cell  
The clock pin design_2_i/top_0/U0/core0/execute0/r_reg[alu_result][21]/C is not reached by a timing clock
Related violations: <none>

TIMING-17#212 Warning
Non-clocked sequential cell  
The clock pin design_2_i/top_0/U0/core0/execute0/r_reg[alu_result][22]/C is not reached by a timing clock
Related violations: <none>

TIMING-17#213 Warning
Non-clocked sequential cell  
The clock pin design_2_i/top_0/U0/core0/execute0/r_reg[alu_result][23]/C is not reached by a timing clock
Related violations: <none>

TIMING-17#214 Warning
Non-clocked sequential cell  
The clock pin design_2_i/top_0/U0/core0/execute0/r_reg[alu_result][24]/C is not reached by a timing clock
Related violations: <none>

TIMING-17#215 Warning
Non-clocked sequential cell  
The clock pin design_2_i/top_0/U0/core0/execute0/r_reg[alu_result][25]/C is not reached by a timing clock
Related violations: <none>

TIMING-17#216 Warning
Non-clocked sequential cell  
The clock pin design_2_i/top_0/U0/core0/execute0/r_reg[alu_result][26]/C is not reached by a timing clock
Related violations: <none>

TIMING-17#217 Warning
Non-clocked sequential cell  
The clock pin design_2_i/top_0/U0/core0/execute0/r_reg[alu_result][27]/C is not reached by a timing clock
Related violations: <none>

TIMING-17#218 Warning
Non-clocked sequential cell  
The clock pin design_2_i/top_0/U0/core0/execute0/r_reg[alu_result][28]/C is not reached by a timing clock
Related violations: <none>

TIMING-17#219 Warning
Non-clocked sequential cell  
The clock pin design_2_i/top_0/U0/core0/execute0/r_reg[alu_result][29]/C is not reached by a timing clock
Related violations: <none>

TIMING-17#220 Warning
Non-clocked sequential cell  
The clock pin design_2_i/top_0/U0/core0/execute0/r_reg[alu_result][2]/C is not reached by a timing clock
Related violations: <none>

TIMING-17#221 Warning
Non-clocked sequential cell  
The clock pin design_2_i/top_0/U0/core0/execute0/r_reg[alu_result][30]/C is not reached by a timing clock
Related violations: <none>

TIMING-17#222 Warning
Non-clocked sequential cell  
The clock pin design_2_i/top_0/U0/core0/execute0/r_reg[alu_result][31]/C is not reached by a timing clock
Related violations: <none>

TIMING-17#223 Warning
Non-clocked sequential cell  
The clock pin design_2_i/top_0/U0/core0/execute0/r_reg[alu_result][3]/C is not reached by a timing clock
Related violations: <none>

TIMING-17#224 Warning
Non-clocked sequential cell  
The clock pin design_2_i/top_0/U0/core0/execute0/r_reg[alu_result][4]/C is not reached by a timing clock
Related violations: <none>

TIMING-17#225 Warning
Non-clocked sequential cell  
The clock pin design_2_i/top_0/U0/core0/execute0/r_reg[alu_result][5]/C is not reached by a timing clock
Related violations: <none>

TIMING-17#226 Warning
Non-clocked sequential cell  
The clock pin design_2_i/top_0/U0/core0/execute0/r_reg[alu_result][6]/C is not reached by a timing clock
Related violations: <none>

TIMING-17#227 Warning
Non-clocked sequential cell  
The clock pin design_2_i/top_0/U0/core0/execute0/r_reg[alu_result][7]/C is not reached by a timing clock
Related violations: <none>

TIMING-17#228 Warning
Non-clocked sequential cell  
The clock pin design_2_i/top_0/U0/core0/execute0/r_reg[alu_result][8]/C is not reached by a timing clock
Related violations: <none>

TIMING-17#229 Warning
Non-clocked sequential cell  
The clock pin design_2_i/top_0/U0/core0/execute0/r_reg[alu_result][9]/C is not reached by a timing clock
Related violations: <none>

TIMING-17#230 Warning
Non-clocked sequential cell  
The clock pin design_2_i/top_0/U0/core0/execute0/r_reg[branch]/C is not reached by a timing clock
Related violations: <none>

TIMING-17#231 Warning
Non-clocked sequential cell  
The clock pin design_2_i/top_0/U0/core0/execute0/r_reg[ctrl_mem][mem_read]/C is not reached by a timing clock
Related violations: <none>

TIMING-17#232 Warning
Non-clocked sequential cell  
The clock pin design_2_i/top_0/U0/core0/execute0/r_reg[ctrl_mem][mem_write]/C is not reached by a timing clock
Related violations: <none>

TIMING-17#233 Warning
Non-clocked sequential cell  
The clock pin design_2_i/top_0/U0/core0/execute0/r_reg[ctrl_mem][transfer_size][0]/C is not reached by a timing clock
Related violations: <none>

TIMING-17#234 Warning
Non-clocked sequential cell  
The clock pin design_2_i/top_0/U0/core0/execute0/r_reg[ctrl_mem][transfer_size][1]/C is not reached by a timing clock
Related violations: <none>

TIMING-17#235 Warning
Non-clocked sequential cell  
The clock pin design_2_i/top_0/U0/core0/execute0/r_reg[ctrl_wrb][reg_d][0]/C is not reached by a timing clock
Related violations: <none>

TIMING-17#236 Warning
Non-clocked sequential cell  
The clock pin design_2_i/top_0/U0/core0/execute0/r_reg[ctrl_wrb][reg_d][1]/C is not reached by a timing clock
Related violations: <none>

TIMING-17#237 Warning
Non-clocked sequential cell  
The clock pin design_2_i/top_0/U0/core0/execute0/r_reg[ctrl_wrb][reg_d][2]/C is not reached by a timing clock
Related violations: <none>

TIMING-17#238 Warning
Non-clocked sequential cell  
The clock pin design_2_i/top_0/U0/core0/execute0/r_reg[ctrl_wrb][reg_d][3]/C is not reached by a timing clock
Related violations: <none>

TIMING-17#239 Warning
Non-clocked sequential cell  
The clock pin design_2_i/top_0/U0/core0/execute0/r_reg[ctrl_wrb][reg_d][4]/C is not reached by a timing clock
Related violations: <none>

TIMING-17#240 Warning
Non-clocked sequential cell  
The clock pin design_2_i/top_0/U0/core0/execute0/r_reg[ctrl_wrb][reg_write]/C is not reached by a timing clock
Related violations: <none>

TIMING-17#241 Warning
Non-clocked sequential cell  
The clock pin design_2_i/top_0/U0/core0/execute0/r_reg[dat_d][0]/C is not reached by a timing clock
Related violations: <none>

TIMING-17#242 Warning
Non-clocked sequential cell  
The clock pin design_2_i/top_0/U0/core0/execute0/r_reg[dat_d][10]/C is not reached by a timing clock
Related violations: <none>

TIMING-17#243 Warning
Non-clocked sequential cell  
The clock pin design_2_i/top_0/U0/core0/execute0/r_reg[dat_d][11]/C is not reached by a timing clock
Related violations: <none>

TIMING-17#244 Warning
Non-clocked sequential cell  
The clock pin design_2_i/top_0/U0/core0/execute0/r_reg[dat_d][12]/C is not reached by a timing clock
Related violations: <none>

TIMING-17#245 Warning
Non-clocked sequential cell  
The clock pin design_2_i/top_0/U0/core0/execute0/r_reg[dat_d][13]/C is not reached by a timing clock
Related violations: <none>

TIMING-17#246 Warning
Non-clocked sequential cell  
The clock pin design_2_i/top_0/U0/core0/execute0/r_reg[dat_d][14]/C is not reached by a timing clock
Related violations: <none>

TIMING-17#247 Warning
Non-clocked sequential cell  
The clock pin design_2_i/top_0/U0/core0/execute0/r_reg[dat_d][15]/C is not reached by a timing clock
Related violations: <none>

TIMING-17#248 Warning
Non-clocked sequential cell  
The clock pin design_2_i/top_0/U0/core0/execute0/r_reg[dat_d][1]/C is not reached by a timing clock
Related violations: <none>

TIMING-17#249 Warning
Non-clocked sequential cell  
The clock pin design_2_i/top_0/U0/core0/execute0/r_reg[dat_d][24]/C is not reached by a timing clock
Related violations: <none>

TIMING-17#250 Warning
Non-clocked sequential cell  
The clock pin design_2_i/top_0/U0/core0/execute0/r_reg[dat_d][25]/C is not reached by a timing clock
Related violations: <none>

TIMING-17#251 Warning
Non-clocked sequential cell  
The clock pin design_2_i/top_0/U0/core0/execute0/r_reg[dat_d][26]/C is not reached by a timing clock
Related violations: <none>

TIMING-17#252 Warning
Non-clocked sequential cell  
The clock pin design_2_i/top_0/U0/core0/execute0/r_reg[dat_d][27]/C is not reached by a timing clock
Related violations: <none>

TIMING-17#253 Warning
Non-clocked sequential cell  
The clock pin design_2_i/top_0/U0/core0/execute0/r_reg[dat_d][28]/C is not reached by a timing clock
Related violations: <none>

TIMING-17#254 Warning
Non-clocked sequential cell  
The clock pin design_2_i/top_0/U0/core0/execute0/r_reg[dat_d][29]/C is not reached by a timing clock
Related violations: <none>

TIMING-17#255 Warning
Non-clocked sequential cell  
The clock pin design_2_i/top_0/U0/core0/execute0/r_reg[dat_d][2]/C is not reached by a timing clock
Related violations: <none>

TIMING-17#256 Warning
Non-clocked sequential cell  
The clock pin design_2_i/top_0/U0/core0/execute0/r_reg[dat_d][30]/C is not reached by a timing clock
Related violations: <none>

TIMING-17#257 Warning
Non-clocked sequential cell  
The clock pin design_2_i/top_0/U0/core0/execute0/r_reg[dat_d][31]/C is not reached by a timing clock
Related violations: <none>

TIMING-17#258 Warning
Non-clocked sequential cell  
The clock pin design_2_i/top_0/U0/core0/execute0/r_reg[dat_d][3]/C is not reached by a timing clock
Related violations: <none>

TIMING-17#259 Warning
Non-clocked sequential cell  
The clock pin design_2_i/top_0/U0/core0/execute0/r_reg[dat_d][4]/C is not reached by a timing clock
Related violations: <none>

TIMING-17#260 Warning
Non-clocked sequential cell  
The clock pin design_2_i/top_0/U0/core0/execute0/r_reg[dat_d][5]/C is not reached by a timing clock
Related violations: <none>

TIMING-17#261 Warning
Non-clocked sequential cell  
The clock pin design_2_i/top_0/U0/core0/execute0/r_reg[dat_d][6]/C is not reached by a timing clock
Related violations: <none>

TIMING-17#262 Warning
Non-clocked sequential cell  
The clock pin design_2_i/top_0/U0/core0/execute0/r_reg[dat_d][7]/C is not reached by a timing clock
Related violations: <none>

TIMING-17#263 Warning
Non-clocked sequential cell  
The clock pin design_2_i/top_0/U0/core0/execute0/r_reg[dat_d][8]/C is not reached by a timing clock
Related violations: <none>

TIMING-17#264 Warning
Non-clocked sequential cell  
The clock pin design_2_i/top_0/U0/core0/execute0/r_reg[dat_d][9]/C is not reached by a timing clock
Related violations: <none>

TIMING-17#265 Warning
Non-clocked sequential cell  
The clock pin design_2_i/top_0/U0/core0/execute0/r_reg[program_counter][0]/C is not reached by a timing clock
Related violations: <none>

TIMING-17#266 Warning
Non-clocked sequential cell  
The clock pin design_2_i/top_0/U0/core0/execute0/r_reg[program_counter][10]/C is not reached by a timing clock
Related violations: <none>

TIMING-17#267 Warning
Non-clocked sequential cell  
The clock pin design_2_i/top_0/U0/core0/execute0/r_reg[program_counter][11]/C is not reached by a timing clock
Related violations: <none>

TIMING-17#268 Warning
Non-clocked sequential cell  
The clock pin design_2_i/top_0/U0/core0/execute0/r_reg[program_counter][12]/C is not reached by a timing clock
Related violations: <none>

TIMING-17#269 Warning
Non-clocked sequential cell  
The clock pin design_2_i/top_0/U0/core0/execute0/r_reg[program_counter][13]/C is not reached by a timing clock
Related violations: <none>

TIMING-17#270 Warning
Non-clocked sequential cell  
The clock pin design_2_i/top_0/U0/core0/execute0/r_reg[program_counter][14]/C is not reached by a timing clock
Related violations: <none>

TIMING-17#271 Warning
Non-clocked sequential cell  
The clock pin design_2_i/top_0/U0/core0/execute0/r_reg[program_counter][15]/C is not reached by a timing clock
Related violations: <none>

TIMING-17#272 Warning
Non-clocked sequential cell  
The clock pin design_2_i/top_0/U0/core0/execute0/r_reg[program_counter][1]/C is not reached by a timing clock
Related violations: <none>

TIMING-17#273 Warning
Non-clocked sequential cell  
The clock pin design_2_i/top_0/U0/core0/execute0/r_reg[program_counter][2]/C is not reached by a timing clock
Related violations: <none>

TIMING-17#274 Warning
Non-clocked sequential cell  
The clock pin design_2_i/top_0/U0/core0/execute0/r_reg[program_counter][3]/C is not reached by a timing clock
Related violations: <none>

TIMING-17#275 Warning
Non-clocked sequential cell  
The clock pin design_2_i/top_0/U0/core0/execute0/r_reg[program_counter][4]/C is not reached by a timing clock
Related violations: <none>

TIMING-17#276 Warning
Non-clocked sequential cell  
The clock pin design_2_i/top_0/U0/core0/execute0/r_reg[program_counter][5]/C is not reached by a timing clock
Related violations: <none>

TIMING-17#277 Warning
Non-clocked sequential cell  
The clock pin design_2_i/top_0/U0/core0/execute0/r_reg[program_counter][6]/C is not reached by a timing clock
Related violations: <none>

TIMING-17#278 Warning
Non-clocked sequential cell  
The clock pin design_2_i/top_0/U0/core0/execute0/r_reg[program_counter][7]/C is not reached by a timing clock
Related violations: <none>

TIMING-17#279 Warning
Non-clocked sequential cell  
The clock pin design_2_i/top_0/U0/core0/execute0/r_reg[program_counter][8]/C is not reached by a timing clock
Related violations: <none>

TIMING-17#280 Warning
Non-clocked sequential cell  
The clock pin design_2_i/top_0/U0/core0/execute0/r_reg[program_counter][9]/C is not reached by a timing clock
Related violations: <none>

TIMING-17#281 Warning
Non-clocked sequential cell  
The clock pin design_2_i/top_0/U0/core0/execute0/reg_reg[carry]/C is not reached by a timing clock
Related violations: <none>

TIMING-17#282 Warning
Non-clocked sequential cell  
The clock pin design_2_i/top_0/U0/core0/execute0/reg_reg[flush_ex]/C is not reached by a timing clock
Related violations: <none>

TIMING-17#283 Warning
Non-clocked sequential cell  
The clock pin design_2_i/top_0/U0/core0/fetch0/r_reg[program_counter][0]/C is not reached by a timing clock
Related violations: <none>

TIMING-17#284 Warning
Non-clocked sequential cell  
The clock pin design_2_i/top_0/U0/core0/fetch0/r_reg[program_counter][10]/C is not reached by a timing clock
Related violations: <none>

TIMING-17#285 Warning
Non-clocked sequential cell  
The clock pin design_2_i/top_0/U0/core0/fetch0/r_reg[program_counter][11]/C is not reached by a timing clock
Related violations: <none>

TIMING-17#286 Warning
Non-clocked sequential cell  
The clock pin design_2_i/top_0/U0/core0/fetch0/r_reg[program_counter][12]/C is not reached by a timing clock
Related violations: <none>

TIMING-17#287 Warning
Non-clocked sequential cell  
The clock pin design_2_i/top_0/U0/core0/fetch0/r_reg[program_counter][13]/C is not reached by a timing clock
Related violations: <none>

TIMING-17#288 Warning
Non-clocked sequential cell  
The clock pin design_2_i/top_0/U0/core0/fetch0/r_reg[program_counter][14]/C is not reached by a timing clock
Related violations: <none>

TIMING-17#289 Warning
Non-clocked sequential cell  
The clock pin design_2_i/top_0/U0/core0/fetch0/r_reg[program_counter][15]/C is not reached by a timing clock
Related violations: <none>

TIMING-17#290 Warning
Non-clocked sequential cell  
The clock pin design_2_i/top_0/U0/core0/fetch0/r_reg[program_counter][1]/C is not reached by a timing clock
Related violations: <none>

TIMING-17#291 Warning
Non-clocked sequential cell  
The clock pin design_2_i/top_0/U0/core0/fetch0/r_reg[program_counter][2]/C is not reached by a timing clock
Related violations: <none>

TIMING-17#292 Warning
Non-clocked sequential cell  
The clock pin design_2_i/top_0/U0/core0/fetch0/r_reg[program_counter][3]/C is not reached by a timing clock
Related violations: <none>

TIMING-17#293 Warning
Non-clocked sequential cell  
The clock pin design_2_i/top_0/U0/core0/fetch0/r_reg[program_counter][4]/C is not reached by a timing clock
Related violations: <none>

TIMING-17#294 Warning
Non-clocked sequential cell  
The clock pin design_2_i/top_0/U0/core0/fetch0/r_reg[program_counter][5]/C is not reached by a timing clock
Related violations: <none>

TIMING-17#295 Warning
Non-clocked sequential cell  
The clock pin design_2_i/top_0/U0/core0/fetch0/r_reg[program_counter][6]/C is not reached by a timing clock
Related violations: <none>

TIMING-17#296 Warning
Non-clocked sequential cell  
The clock pin design_2_i/top_0/U0/core0/fetch0/r_reg[program_counter][7]/C is not reached by a timing clock
Related violations: <none>

TIMING-17#297 Warning
Non-clocked sequential cell  
The clock pin design_2_i/top_0/U0/core0/fetch0/r_reg[program_counter][8]/C is not reached by a timing clock
Related violations: <none>

TIMING-17#298 Warning
Non-clocked sequential cell  
The clock pin design_2_i/top_0/U0/core0/fetch0/r_reg[program_counter][9]/C is not reached by a timing clock
Related violations: <none>

TIMING-17#299 Warning
Non-clocked sequential cell  
The clock pin design_2_i/top_0/U0/core0/mem0/r_reg[alu_result][0]/C is not reached by a timing clock
Related violations: <none>

TIMING-17#300 Warning
Non-clocked sequential cell  
The clock pin design_2_i/top_0/U0/core0/mem0/r_reg[alu_result][10]/C is not reached by a timing clock
Related violations: <none>

TIMING-17#301 Warning
Non-clocked sequential cell  
The clock pin design_2_i/top_0/U0/core0/mem0/r_reg[alu_result][11]/C is not reached by a timing clock
Related violations: <none>

TIMING-17#302 Warning
Non-clocked sequential cell  
The clock pin design_2_i/top_0/U0/core0/mem0/r_reg[alu_result][12]/C is not reached by a timing clock
Related violations: <none>

TIMING-17#303 Warning
Non-clocked sequential cell  
The clock pin design_2_i/top_0/U0/core0/mem0/r_reg[alu_result][13]/C is not reached by a timing clock
Related violations: <none>

TIMING-17#304 Warning
Non-clocked sequential cell  
The clock pin design_2_i/top_0/U0/core0/mem0/r_reg[alu_result][14]/C is not reached by a timing clock
Related violations: <none>

TIMING-17#305 Warning
Non-clocked sequential cell  
The clock pin design_2_i/top_0/U0/core0/mem0/r_reg[alu_result][15]/C is not reached by a timing clock
Related violations: <none>

TIMING-17#306 Warning
Non-clocked sequential cell  
The clock pin design_2_i/top_0/U0/core0/mem0/r_reg[alu_result][16]/C is not reached by a timing clock
Related violations: <none>

TIMING-17#307 Warning
Non-clocked sequential cell  
The clock pin design_2_i/top_0/U0/core0/mem0/r_reg[alu_result][17]/C is not reached by a timing clock
Related violations: <none>

TIMING-17#308 Warning
Non-clocked sequential cell  
The clock pin design_2_i/top_0/U0/core0/mem0/r_reg[alu_result][18]/C is not reached by a timing clock
Related violations: <none>

TIMING-17#309 Warning
Non-clocked sequential cell  
The clock pin design_2_i/top_0/U0/core0/mem0/r_reg[alu_result][19]/C is not reached by a timing clock
Related violations: <none>

TIMING-17#310 Warning
Non-clocked sequential cell  
The clock pin design_2_i/top_0/U0/core0/mem0/r_reg[alu_result][1]/C is not reached by a timing clock
Related violations: <none>

TIMING-17#311 Warning
Non-clocked sequential cell  
The clock pin design_2_i/top_0/U0/core0/mem0/r_reg[alu_result][20]/C is not reached by a timing clock
Related violations: <none>

TIMING-17#312 Warning
Non-clocked sequential cell  
The clock pin design_2_i/top_0/U0/core0/mem0/r_reg[alu_result][21]/C is not reached by a timing clock
Related violations: <none>

TIMING-17#313 Warning
Non-clocked sequential cell  
The clock pin design_2_i/top_0/U0/core0/mem0/r_reg[alu_result][22]/C is not reached by a timing clock
Related violations: <none>

TIMING-17#314 Warning
Non-clocked sequential cell  
The clock pin design_2_i/top_0/U0/core0/mem0/r_reg[alu_result][23]/C is not reached by a timing clock
Related violations: <none>

TIMING-17#315 Warning
Non-clocked sequential cell  
The clock pin design_2_i/top_0/U0/core0/mem0/r_reg[alu_result][24]/C is not reached by a timing clock
Related violations: <none>

TIMING-17#316 Warning
Non-clocked sequential cell  
The clock pin design_2_i/top_0/U0/core0/mem0/r_reg[alu_result][25]/C is not reached by a timing clock
Related violations: <none>

TIMING-17#317 Warning
Non-clocked sequential cell  
The clock pin design_2_i/top_0/U0/core0/mem0/r_reg[alu_result][26]/C is not reached by a timing clock
Related violations: <none>

TIMING-17#318 Warning
Non-clocked sequential cell  
The clock pin design_2_i/top_0/U0/core0/mem0/r_reg[alu_result][27]/C is not reached by a timing clock
Related violations: <none>

TIMING-17#319 Warning
Non-clocked sequential cell  
The clock pin design_2_i/top_0/U0/core0/mem0/r_reg[alu_result][28]/C is not reached by a timing clock
Related violations: <none>

TIMING-17#320 Warning
Non-clocked sequential cell  
The clock pin design_2_i/top_0/U0/core0/mem0/r_reg[alu_result][29]/C is not reached by a timing clock
Related violations: <none>

TIMING-17#321 Warning
Non-clocked sequential cell  
The clock pin design_2_i/top_0/U0/core0/mem0/r_reg[alu_result][2]/C is not reached by a timing clock
Related violations: <none>

TIMING-17#322 Warning
Non-clocked sequential cell  
The clock pin design_2_i/top_0/U0/core0/mem0/r_reg[alu_result][30]/C is not reached by a timing clock
Related violations: <none>

TIMING-17#323 Warning
Non-clocked sequential cell  
The clock pin design_2_i/top_0/U0/core0/mem0/r_reg[alu_result][31]/C is not reached by a timing clock
Related violations: <none>

TIMING-17#324 Warning
Non-clocked sequential cell  
The clock pin design_2_i/top_0/U0/core0/mem0/r_reg[alu_result][3]/C is not reached by a timing clock
Related violations: <none>

TIMING-17#325 Warning
Non-clocked sequential cell  
The clock pin design_2_i/top_0/U0/core0/mem0/r_reg[alu_result][4]/C is not reached by a timing clock
Related violations: <none>

TIMING-17#326 Warning
Non-clocked sequential cell  
The clock pin design_2_i/top_0/U0/core0/mem0/r_reg[alu_result][5]/C is not reached by a timing clock
Related violations: <none>

TIMING-17#327 Warning
Non-clocked sequential cell  
The clock pin design_2_i/top_0/U0/core0/mem0/r_reg[alu_result][6]/C is not reached by a timing clock
Related violations: <none>

TIMING-17#328 Warning
Non-clocked sequential cell  
The clock pin design_2_i/top_0/U0/core0/mem0/r_reg[alu_result][7]/C is not reached by a timing clock
Related violations: <none>

TIMING-17#329 Warning
Non-clocked sequential cell  
The clock pin design_2_i/top_0/U0/core0/mem0/r_reg[alu_result][8]/C is not reached by a timing clock
Related violations: <none>

TIMING-17#330 Warning
Non-clocked sequential cell  
The clock pin design_2_i/top_0/U0/core0/mem0/r_reg[alu_result][9]/C is not reached by a timing clock
Related violations: <none>

TIMING-17#331 Warning
Non-clocked sequential cell  
The clock pin design_2_i/top_0/U0/core0/mem0/r_reg[ctrl_mem_wrb][mem_read]/C is not reached by a timing clock
Related violations: <none>

TIMING-17#332 Warning
Non-clocked sequential cell  
The clock pin design_2_i/top_0/U0/core0/mem0/r_reg[ctrl_mem_wrb][transfer_size][0]/C is not reached by a timing clock
Related violations: <none>

TIMING-17#333 Warning
Non-clocked sequential cell  
The clock pin design_2_i/top_0/U0/core0/mem0/r_reg[ctrl_mem_wrb][transfer_size][1]/C is not reached by a timing clock
Related violations: <none>

TIMING-17#334 Warning
Non-clocked sequential cell  
The clock pin design_2_i/top_0/U0/core0/mem0/r_reg[ctrl_wrb][reg_d][0]/C is not reached by a timing clock
Related violations: <none>

TIMING-17#335 Warning
Non-clocked sequential cell  
The clock pin design_2_i/top_0/U0/core0/mem0/r_reg[ctrl_wrb][reg_d][1]/C is not reached by a timing clock
Related violations: <none>

TIMING-17#336 Warning
Non-clocked sequential cell  
The clock pin design_2_i/top_0/U0/core0/mem0/r_reg[ctrl_wrb][reg_d][2]/C is not reached by a timing clock
Related violations: <none>

TIMING-17#337 Warning
Non-clocked sequential cell  
The clock pin design_2_i/top_0/U0/core0/mem0/r_reg[ctrl_wrb][reg_d][3]/C is not reached by a timing clock
Related violations: <none>

TIMING-17#338 Warning
Non-clocked sequential cell  
The clock pin design_2_i/top_0/U0/core0/mem0/r_reg[ctrl_wrb][reg_d][4]/C is not reached by a timing clock
Related violations: <none>

TIMING-17#339 Warning
Non-clocked sequential cell  
The clock pin design_2_i/top_0/U0/core0/mem0/r_reg[ctrl_wrb][reg_write]/C is not reached by a timing clock
Related violations: <none>

TIMING-17#340 Warning
Non-clocked sequential cell  
The clock pin design_2_i/top_0/U0/dmem/mem[0].mem/design_2_i/top_0/U0/dmem/mem[0].mem/ram_reg_cooolgate_en_gate_1_cooolDelFlop/C is not reached by a timing clock
Related violations: <none>

TIMING-17#341 Warning
Non-clocked sequential cell  
The clock pin design_2_i/top_0/U0/dmem/mem[0].mem/design_2_i/top_0/U0/dmem/mem[0].mem/ram_reg_cooolgate_en_gate_2_cooolDelFlop/C is not reached by a timing clock
Related violations: <none>

TIMING-17#342 Warning
Non-clocked sequential cell  
The clock pin design_2_i/top_0/U0/dmem/mem[0].mem/design_2_i/top_0/U0/dmem/mem[0].mem/ram_reg_cooolgate_en_gate_3_cooolDelFlop/C is not reached by a timing clock
Related violations: <none>

TIMING-17#343 Warning
Non-clocked sequential cell  
The clock pin design_2_i/top_0/U0/dmem/mem[0].mem/ram_reg/CLKARDCLK is not reached by a timing clock
Related violations: <none>

TIMING-17#344 Warning
Non-clocked sequential cell  
The clock pin design_2_i/top_0/U0/dmem/mem[0].mem/ram_reg/CLKBWRCLK is not reached by a timing clock
Related violations: <none>

TIMING-17#345 Warning
Non-clocked sequential cell  
The clock pin design_2_i/top_0/U0/dmem/mem[1].mem/ram_reg/CLKARDCLK is not reached by a timing clock
Related violations: <none>

TIMING-17#346 Warning
Non-clocked sequential cell  
The clock pin design_2_i/top_0/U0/dmem/mem[3].mem/ram_reg/CLKARDCLK is not reached by a timing clock
Related violations: <none>

TIMING-17#347 Warning
Non-clocked sequential cell  
The clock pin design_2_i/top_0/U0/imem/ram_reg_0/CLKARDCLK is not reached by a timing clock
Related violations: <none>

TIMING-17#348 Warning
Non-clocked sequential cell  
The clock pin design_2_i/top_0/U0/imem/ram_reg_1/CLKARDCLK is not reached by a timing clock
Related violations: <none>


