#-----------------------------------------------------------
# Vivado v2017.4 (64-bit)
# SW Build 2086221 on Fri Dec 15 20:55:39 MST 2017
# IP Build 2085800 on Fri Dec 15 22:25:07 MST 2017
# Start of session at: Sun May  6 17:07:28 2018
# Process ID: 5612
# Current directory: C:/Users/Owner/masterthesis6_1_0/masterthesis6_1_0
# Command line: vivado.exe -gui_launcher_event rodinguilauncherevent14496 C:\Users\Owner\masterthesis6_1_0\masterthesis6_1_0\masterthesis6_1_0.xpr
# Log file: C:/Users/Owner/masterthesis6_1_0/masterthesis6_1_0/vivado.log
# Journal file: C:/Users/Owner/masterthesis6_1_0/masterthesis6_1_0\vivado.jou
#-----------------------------------------------------------
start_gui
open_project C:/Users/Owner/masterthesis6_1_0/masterthesis6_1_0/masterthesis6_1_0.xpr
Scanning sources...
Finished scanning sources
INFO: [IP_Flow 19-234] Refreshing IP repositories
INFO: [IP_Flow 19-1704] No user IP repositories specified
INFO: [IP_Flow 19-2313] Loaded Vivado IP repository 'C:/XilinxVivado/Vivado/2017.4/data/ip'.
open_project: Time (s): cpu = 00:00:26 ; elapsed = 00:00:17 . Memory (MB): peak = 866.355 ; gain = 170.961
update_compile_order -fileset sources_1
launch_sdk -workspace C:/Users/Owner/masterthesis6_1_0/masterthesis6_1_0/masterthesis6_1_0.sdk -hwspec C:/Users/Owner/masterthesis6_1_0/masterthesis6_1_0/masterthesis6_1_0.sdk/design_1_wrapper.hdf
INFO: [Vivado 12-393] Launching SDK...
INFO: [Vivado 12-417] Running xsdk -workspace C:/Users/Owner/masterthesis6_1_0/masterthesis6_1_0/masterthesis6_1_0.sdk -hwspec C:/Users/Owner/masterthesis6_1_0/masterthesis6_1_0/masterthesis6_1_0.sdk/design_1_wrapper.hdf
INFO: [Vivado 12-3157] SDK launch initiated. Please check console for any further messages.
