Copyright 1986-2017 Xilinx, Inc. All Rights Reserved.
--------------------------------------------------------------------------------------------------------------------------------------------------------------------------------------
| Tool Version : Vivado v.2017.4 (win64) Build 2086221 Fri Dec 15 20:55:39 MST 2017
| Date         : Mon Apr 16 14:17:44 2018
| Host         : AtleHusmoUndrum running 64-bit major release  (build 9200)
| Command      : report_methodology -file design_1_wrapper_methodology_drc_routed.rpt -pb design_1_wrapper_methodology_drc_routed.pb -rpx design_1_wrapper_methodology_drc_routed.rpx
| Design       : design_1_wrapper
| Device       : xc7z010clg400-1
| Speed File   : -1
| Design State : Routed
--------------------------------------------------------------------------------------------------------------------------------------------------------------------------------------

Report Methodology

Table of Contents
-----------------
1. REPORT SUMMARY
2. REPORT DETAILS

1. REPORT SUMMARY
-----------------
            Netlist: netlist
          Floorplan: design_1
      Design limits: <entire design considered>
             Max violations: <unlimited>
             Violations found: 9
+-----------+----------+-------------------------------+------------+
| Rule      | Severity | Description                   | Violations |
+-----------+----------+-------------------------------+------------+
| TIMING-9  | Warning  | Unknown CDC Logic             | 1          |
| TIMING-18 | Warning  | Missing input or output delay | 8          |
+-----------+----------+-------------------------------+------------+

2. REPORT DETAILS
-----------------
TIMING-9#1 Warning
Unknown CDC Logic  
One or more asynchronous Clock Domain Crossing has been detected between 2 clock domains through a set_false_path or a set_clock_groups or set_max_delay -datapath_only constraint but no double-registers logic synchronizer has been found on the side of the capture clock. It is recommended to run report_cdc for a complete and detailed CDC coverage. Please consider using XPM_CDC to avoid Critical severities
Related violations: <none>

TIMING-18#1 Warning
Missing input or output delay  
An input delay is missing on gpio2_io_i_0[0] relative to clock(s) diff_clock_rtl_0_clk_p
Related violations: <none>

TIMING-18#2 Warning
Missing input or output delay  
An input delay is missing on gpio2_io_i_0[1] relative to clock(s) diff_clock_rtl_0_clk_p
Related violations: <none>

TIMING-18#3 Warning
Missing input or output delay  
An input delay is missing on gpio2_io_i_0[2] relative to clock(s) diff_clock_rtl_0_clk_p
Related violations: <none>

TIMING-18#4 Warning
Missing input or output delay  
An input delay is missing on reset_rtl_0_0 relative to clock(s) diff_clock_rtl_0_clk_p
Related violations: <none>

TIMING-18#5 Warning
Missing input or output delay  
An output delay is missing on gpio_io_o_0[0] relative to clock(s) diff_clock_rtl_0_clk_p
Related violations: <none>

TIMING-18#6 Warning
Missing input or output delay  
An output delay is missing on gpio_io_o_0[1] relative to clock(s) diff_clock_rtl_0_clk_p
Related violations: <none>

TIMING-18#7 Warning
Missing input or output delay  
An output delay is missing on gpio_io_o_0[2] relative to clock(s) diff_clock_rtl_0_clk_p
Related violations: <none>

TIMING-18#8 Warning
Missing input or output delay  
An output delay is missing on gpio_io_o_0[3] relative to clock(s) diff_clock_rtl_0_clk_p
Related violations: <none>


